[2026-06-08T11:03:21.553+0000] {processor.py:161} INFO - Started process (PID=178) to work on /opt/airflow/dags/taxi_pipeline.py
[2026-06-08T11:03:21.554+0000] {processor.py:830} INFO - Processing file /opt/airflow/dags/taxi_pipeline.py for tasks to queue
[2026-06-08T11:03:21.556+0000] {logging_mixin.py:188} INFO - [2026-06-08T11:03:21.555+0000] {dagbag.py:538} INFO - Filling up the DagBag from /opt/airflow/dags/taxi_pipeline.py
[2026-06-08T11:03:21.636+0000] {processor.py:840} INFO - DAG(s) 'nyc_taxi_lakehouse_pipeline' retrieved from /opt/airflow/dags/taxi_pipeline.py
[2026-06-08T11:03:21.872+0000] {logging_mixin.py:188} INFO - [2026-06-08T11:03:21.871+0000] {override.py:1769} INFO - Created Permission View: can edit on DAG:nyc_taxi_lakehouse_pipeline
[2026-06-08T11:03:21.880+0000] {logging_mixin.py:188} INFO - [2026-06-08T11:03:21.880+0000] {override.py:1769} INFO - Created Permission View: can read on DAG:nyc_taxi_lakehouse_pipeline
[2026-06-08T11:03:21.885+0000] {logging_mixin.py:188} INFO - [2026-06-08T11:03:21.885+0000] {override.py:1769} INFO - Created Permission View: can delete on DAG:nyc_taxi_lakehouse_pipeline
[2026-06-08T11:03:21.886+0000] {logging_mixin.py:188} INFO - [2026-06-08T11:03:21.886+0000] {dag.py:3036} INFO - Sync 1 DAGs
[2026-06-08T11:03:21.896+0000] {logging_mixin.py:188} INFO - [2026-06-08T11:03:21.896+0000] {dag.py:3058} INFO - Creating ORM DAG for nyc_taxi_lakehouse_pipeline
[2026-06-08T11:03:21.907+0000] {logging_mixin.py:188} INFO - [2026-06-08T11:03:21.906+0000] {dag.py:3823} INFO - Setting next_dagrun for nyc_taxi_lakehouse_pipeline to 2026-06-07 00:00:00+00:00, run_after=2026-06-08 00:00:00+00:00
[2026-06-08T11:03:21.928+0000] {processor.py:183} INFO - Processing /opt/airflow/dags/taxi_pipeline.py took 0.382 seconds
[2026-06-08T11:03:52.160+0000] {processor.py:161} INFO - Started process (PID=183) to work on /opt/airflow/dags/taxi_pipeline.py
[2026-06-08T11:03:52.162+0000] {processor.py:830} INFO - Processing file /opt/airflow/dags/taxi_pipeline.py for tasks to queue
[2026-06-08T11:03:52.162+0000] {logging_mixin.py:188} INFO - [2026-06-08T11:03:52.162+0000] {dagbag.py:538} INFO - Filling up the DagBag from /opt/airflow/dags/taxi_pipeline.py
[2026-06-08T11:03:52.180+0000] {processor.py:840} INFO - DAG(s) 'nyc_taxi_lakehouse_pipeline' retrieved from /opt/airflow/dags/taxi_pipeline.py
[2026-06-08T11:03:52.203+0000] {logging_mixin.py:188} INFO - [2026-06-08T11:03:52.203+0000] {dag.py:3036} INFO - Sync 1 DAGs
[2026-06-08T11:03:52.220+0000] {logging_mixin.py:188} INFO - [2026-06-08T11:03:52.219+0000] {dag.py:3823} INFO - Setting next_dagrun for nyc_taxi_lakehouse_pipeline to 2026-06-07 00:00:00+00:00, run_after=2026-06-08 00:00:00+00:00
[2026-06-08T11:03:52.238+0000] {processor.py:183} INFO - Processing /opt/airflow/dags/taxi_pipeline.py took 0.080 seconds
[2026-06-08T11:04:22.393+0000] {processor.py:161} INFO - Started process (PID=188) to work on /opt/airflow/dags/taxi_pipeline.py
[2026-06-08T11:04:22.394+0000] {processor.py:830} INFO - Processing file /opt/airflow/dags/taxi_pipeline.py for tasks to queue
[2026-06-08T11:04:22.395+0000] {logging_mixin.py:188} INFO - [2026-06-08T11:04:22.395+0000] {dagbag.py:538} INFO - Filling up the DagBag from /opt/airflow/dags/taxi_pipeline.py
[2026-06-08T11:04:22.409+0000] {processor.py:840} INFO - DAG(s) 'nyc_taxi_lakehouse_pipeline' retrieved from /opt/airflow/dags/taxi_pipeline.py
[2026-06-08T11:04:22.426+0000] {logging_mixin.py:188} INFO - [2026-06-08T11:04:22.426+0000] {dag.py:3036} INFO - Sync 1 DAGs
[2026-06-08T11:04:22.442+0000] {logging_mixin.py:188} INFO - [2026-06-08T11:04:22.442+0000] {dag.py:3823} INFO - Setting next_dagrun for nyc_taxi_lakehouse_pipeline to 2026-06-07 00:00:00+00:00, run_after=2026-06-08 00:00:00+00:00
[2026-06-08T11:04:22.465+0000] {processor.py:183} INFO - Processing /opt/airflow/dags/taxi_pipeline.py took 0.074 seconds
[2026-06-08T11:04:52.689+0000] {processor.py:161} INFO - Started process (PID=193) to work on /opt/airflow/dags/taxi_pipeline.py
[2026-06-08T11:04:52.690+0000] {processor.py:830} INFO - Processing file /opt/airflow/dags/taxi_pipeline.py for tasks to queue
[2026-06-08T11:04:52.691+0000] {logging_mixin.py:188} INFO - [2026-06-08T11:04:52.691+0000] {dagbag.py:538} INFO - Filling up the DagBag from /opt/airflow/dags/taxi_pipeline.py
[2026-06-08T11:04:52.707+0000] {processor.py:840} INFO - DAG(s) 'nyc_taxi_lakehouse_pipeline' retrieved from /opt/airflow/dags/taxi_pipeline.py
[2026-06-08T11:04:52.724+0000] {logging_mixin.py:188} INFO - [2026-06-08T11:04:52.724+0000] {dag.py:3036} INFO - Sync 1 DAGs
[2026-06-08T11:04:52.741+0000] {logging_mixin.py:188} INFO - [2026-06-08T11:04:52.741+0000] {dag.py:3823} INFO - Setting next_dagrun for nyc_taxi_lakehouse_pipeline to 2026-06-07 00:00:00+00:00, run_after=2026-06-08 00:00:00+00:00
[2026-06-08T11:04:52.757+0000] {processor.py:183} INFO - Processing /opt/airflow/dags/taxi_pipeline.py took 0.071 seconds
[2026-06-08T11:05:22.960+0000] {processor.py:161} INFO - Started process (PID=198) to work on /opt/airflow/dags/taxi_pipeline.py
[2026-06-08T11:05:22.960+0000] {processor.py:830} INFO - Processing file /opt/airflow/dags/taxi_pipeline.py for tasks to queue
[2026-06-08T11:05:22.961+0000] {logging_mixin.py:188} INFO - [2026-06-08T11:05:22.961+0000] {dagbag.py:538} INFO - Filling up the DagBag from /opt/airflow/dags/taxi_pipeline.py
[2026-06-08T11:05:22.978+0000] {processor.py:840} INFO - DAG(s) 'nyc_taxi_lakehouse_pipeline' retrieved from /opt/airflow/dags/taxi_pipeline.py
[2026-06-08T11:05:22.998+0000] {logging_mixin.py:188} INFO - [2026-06-08T11:05:22.998+0000] {dag.py:3036} INFO - Sync 1 DAGs
[2026-06-08T11:05:23.014+0000] {logging_mixin.py:188} INFO - [2026-06-08T11:05:23.014+0000] {dag.py:3823} INFO - Setting next_dagrun for nyc_taxi_lakehouse_pipeline to 2026-06-07 00:00:00+00:00, run_after=2026-06-08 00:00:00+00:00
[2026-06-08T11:05:23.029+0000] {processor.py:183} INFO - Processing /opt/airflow/dags/taxi_pipeline.py took 0.072 seconds
[2026-06-08T11:05:53.235+0000] {processor.py:161} INFO - Started process (PID=203) to work on /opt/airflow/dags/taxi_pipeline.py
[2026-06-08T11:05:53.236+0000] {processor.py:830} INFO - Processing file /opt/airflow/dags/taxi_pipeline.py for tasks to queue
[2026-06-08T11:05:53.236+0000] {logging_mixin.py:188} INFO - [2026-06-08T11:05:53.236+0000] {dagbag.py:538} INFO - Filling up the DagBag from /opt/airflow/dags/taxi_pipeline.py
[2026-06-08T11:05:53.253+0000] {processor.py:840} INFO - DAG(s) 'nyc_taxi_lakehouse_pipeline' retrieved from /opt/airflow/dags/taxi_pipeline.py
[2026-06-08T11:05:53.272+0000] {logging_mixin.py:188} INFO - [2026-06-08T11:05:53.272+0000] {dag.py:3036} INFO - Sync 1 DAGs
[2026-06-08T11:05:53.286+0000] {logging_mixin.py:188} INFO - [2026-06-08T11:05:53.286+0000] {dag.py:3823} INFO - Setting next_dagrun for nyc_taxi_lakehouse_pipeline to 2026-06-07 00:00:00+00:00, run_after=2026-06-08 00:00:00+00:00
[2026-06-08T11:05:53.302+0000] {processor.py:183} INFO - Processing /opt/airflow/dags/taxi_pipeline.py took 0.070 seconds
[2026-06-08T11:06:23.483+0000] {processor.py:161} INFO - Started process (PID=208) to work on /opt/airflow/dags/taxi_pipeline.py
[2026-06-08T11:06:23.484+0000] {processor.py:830} INFO - Processing file /opt/airflow/dags/taxi_pipeline.py for tasks to queue
[2026-06-08T11:06:23.484+0000] {logging_mixin.py:188} INFO - [2026-06-08T11:06:23.484+0000] {dagbag.py:538} INFO - Filling up the DagBag from /opt/airflow/dags/taxi_pipeline.py
[2026-06-08T11:06:23.500+0000] {processor.py:840} INFO - DAG(s) 'nyc_taxi_lakehouse_pipeline' retrieved from /opt/airflow/dags/taxi_pipeline.py
[2026-06-08T11:06:23.520+0000] {logging_mixin.py:188} INFO - [2026-06-08T11:06:23.520+0000] {dag.py:3036} INFO - Sync 1 DAGs
[2026-06-08T11:06:23.536+0000] {logging_mixin.py:188} INFO - [2026-06-08T11:06:23.535+0000] {dag.py:3823} INFO - Setting next_dagrun for nyc_taxi_lakehouse_pipeline to 2026-06-07 00:00:00+00:00, run_after=2026-06-08 00:00:00+00:00
[2026-06-08T11:06:23.550+0000] {processor.py:183} INFO - Processing /opt/airflow/dags/taxi_pipeline.py took 0.069 seconds
[2026-06-08T11:06:53.735+0000] {processor.py:161} INFO - Started process (PID=213) to work on /opt/airflow/dags/taxi_pipeline.py
[2026-06-08T11:06:53.736+0000] {processor.py:830} INFO - Processing file /opt/airflow/dags/taxi_pipeline.py for tasks to queue
[2026-06-08T11:06:53.737+0000] {logging_mixin.py:188} INFO - [2026-06-08T11:06:53.737+0000] {dagbag.py:538} INFO - Filling up the DagBag from /opt/airflow/dags/taxi_pipeline.py
[2026-06-08T11:06:53.753+0000] {processor.py:840} INFO - DAG(s) 'nyc_taxi_lakehouse_pipeline' retrieved from /opt/airflow/dags/taxi_pipeline.py
[2026-06-08T11:06:53.773+0000] {logging_mixin.py:188} INFO - [2026-06-08T11:06:53.773+0000] {dag.py:3036} INFO - Sync 1 DAGs
[2026-06-08T11:06:53.789+0000] {logging_mixin.py:188} INFO - [2026-06-08T11:06:53.789+0000] {dag.py:3823} INFO - Setting next_dagrun for nyc_taxi_lakehouse_pipeline to 2026-06-07 00:00:00+00:00, run_after=2026-06-08 00:00:00+00:00
[2026-06-08T11:06:53.806+0000] {processor.py:183} INFO - Processing /opt/airflow/dags/taxi_pipeline.py took 0.074 seconds
[2026-06-08T11:07:23.982+0000] {processor.py:161} INFO - Started process (PID=218) to work on /opt/airflow/dags/taxi_pipeline.py
[2026-06-08T11:07:23.983+0000] {processor.py:830} INFO - Processing file /opt/airflow/dags/taxi_pipeline.py for tasks to queue
[2026-06-08T11:07:23.984+0000] {logging_mixin.py:188} INFO - [2026-06-08T11:07:23.984+0000] {dagbag.py:538} INFO - Filling up the DagBag from /opt/airflow/dags/taxi_pipeline.py
[2026-06-08T11:07:24.000+0000] {processor.py:840} INFO - DAG(s) 'nyc_taxi_lakehouse_pipeline' retrieved from /opt/airflow/dags/taxi_pipeline.py
[2026-06-08T11:07:24.020+0000] {logging_mixin.py:188} INFO - [2026-06-08T11:07:24.020+0000] {dag.py:3036} INFO - Sync 1 DAGs
[2026-06-08T11:07:24.036+0000] {logging_mixin.py:188} INFO - [2026-06-08T11:07:24.036+0000] {dag.py:3823} INFO - Setting next_dagrun for nyc_taxi_lakehouse_pipeline to 2026-06-07 00:00:00+00:00, run_after=2026-06-08 00:00:00+00:00
[2026-06-08T11:07:24.052+0000] {processor.py:183} INFO - Processing /opt/airflow/dags/taxi_pipeline.py took 0.073 seconds
[2026-06-08T11:07:54.262+0000] {processor.py:161} INFO - Started process (PID=223) to work on /opt/airflow/dags/taxi_pipeline.py
[2026-06-08T11:07:54.263+0000] {processor.py:830} INFO - Processing file /opt/airflow/dags/taxi_pipeline.py for tasks to queue
[2026-06-08T11:07:54.265+0000] {logging_mixin.py:188} INFO - [2026-06-08T11:07:54.264+0000] {dagbag.py:538} INFO - Filling up the DagBag from /opt/airflow/dags/taxi_pipeline.py
[2026-06-08T11:07:54.287+0000] {processor.py:840} INFO - DAG(s) 'nyc_taxi_lakehouse_pipeline' retrieved from /opt/airflow/dags/taxi_pipeline.py
[2026-06-08T11:07:54.311+0000] {logging_mixin.py:188} INFO - [2026-06-08T11:07:54.310+0000] {dag.py:3036} INFO - Sync 1 DAGs
[2026-06-08T11:07:54.328+0000] {logging_mixin.py:188} INFO - [2026-06-08T11:07:54.328+0000] {dag.py:3823} INFO - Setting next_dagrun for nyc_taxi_lakehouse_pipeline to 2026-06-07 00:00:00+00:00, run_after=2026-06-08 00:00:00+00:00
[2026-06-08T11:07:54.346+0000] {processor.py:183} INFO - Processing /opt/airflow/dags/taxi_pipeline.py took 0.088 seconds
[2026-06-08T11:08:24.547+0000] {processor.py:161} INFO - Started process (PID=228) to work on /opt/airflow/dags/taxi_pipeline.py
[2026-06-08T11:08:24.548+0000] {processor.py:830} INFO - Processing file /opt/airflow/dags/taxi_pipeline.py for tasks to queue
[2026-06-08T11:08:24.549+0000] {logging_mixin.py:188} INFO - [2026-06-08T11:08:24.549+0000] {dagbag.py:538} INFO - Filling up the DagBag from /opt/airflow/dags/taxi_pipeline.py
[2026-06-08T11:08:24.567+0000] {processor.py:840} INFO - DAG(s) 'nyc_taxi_lakehouse_pipeline' retrieved from /opt/airflow/dags/taxi_pipeline.py
[2026-06-08T11:08:24.586+0000] {logging_mixin.py:188} INFO - [2026-06-08T11:08:24.585+0000] {dag.py:3036} INFO - Sync 1 DAGs
[2026-06-08T11:08:24.601+0000] {logging_mixin.py:188} INFO - [2026-06-08T11:08:24.601+0000] {dag.py:3823} INFO - Setting next_dagrun for nyc_taxi_lakehouse_pipeline to 2026-06-07 00:00:00+00:00, run_after=2026-06-08 00:00:00+00:00
[2026-06-08T11:08:24.618+0000] {processor.py:183} INFO - Processing /opt/airflow/dags/taxi_pipeline.py took 0.074 seconds
[2026-06-08T11:08:54.837+0000] {processor.py:161} INFO - Started process (PID=233) to work on /opt/airflow/dags/taxi_pipeline.py
[2026-06-08T11:08:54.839+0000] {processor.py:830} INFO - Processing file /opt/airflow/dags/taxi_pipeline.py for tasks to queue
[2026-06-08T11:08:54.843+0000] {logging_mixin.py:188} INFO - [2026-06-08T11:08:54.843+0000] {dagbag.py:538} INFO - Filling up the DagBag from /opt/airflow/dags/taxi_pipeline.py
[2026-06-08T11:08:54.877+0000] {processor.py:840} INFO - DAG(s) 'nyc_taxi_lakehouse_pipeline' retrieved from /opt/airflow/dags/taxi_pipeline.py
[2026-06-08T11:08:54.899+0000] {logging_mixin.py:188} INFO - [2026-06-08T11:08:54.899+0000] {dag.py:3036} INFO - Sync 1 DAGs
[2026-06-08T11:08:54.915+0000] {logging_mixin.py:188} INFO - [2026-06-08T11:08:54.915+0000] {dag.py:3823} INFO - Setting next_dagrun for nyc_taxi_lakehouse_pipeline to 2026-06-07 00:00:00+00:00, run_after=2026-06-08 00:00:00+00:00
[2026-06-08T11:08:54.929+0000] {processor.py:183} INFO - Processing /opt/airflow/dags/taxi_pipeline.py took 0.095 seconds
[2026-06-08T11:09:25.117+0000] {processor.py:161} INFO - Started process (PID=238) to work on /opt/airflow/dags/taxi_pipeline.py
[2026-06-08T11:09:25.118+0000] {processor.py:830} INFO - Processing file /opt/airflow/dags/taxi_pipeline.py for tasks to queue
[2026-06-08T11:09:25.119+0000] {logging_mixin.py:188} INFO - [2026-06-08T11:09:25.119+0000] {dagbag.py:538} INFO - Filling up the DagBag from /opt/airflow/dags/taxi_pipeline.py
[2026-06-08T11:09:25.135+0000] {processor.py:840} INFO - DAG(s) 'nyc_taxi_lakehouse_pipeline' retrieved from /opt/airflow/dags/taxi_pipeline.py
[2026-06-08T11:09:25.157+0000] {logging_mixin.py:188} INFO - [2026-06-08T11:09:25.156+0000] {dag.py:3036} INFO - Sync 1 DAGs
[2026-06-08T11:09:25.172+0000] {logging_mixin.py:188} INFO - [2026-06-08T11:09:25.172+0000] {dag.py:3823} INFO - Setting next_dagrun for nyc_taxi_lakehouse_pipeline to 2026-06-07 00:00:00+00:00, run_after=2026-06-08 00:00:00+00:00
[2026-06-08T11:09:25.189+0000] {processor.py:183} INFO - Processing /opt/airflow/dags/taxi_pipeline.py took 0.075 seconds
[2026-06-08T11:09:55.416+0000] {processor.py:161} INFO - Started process (PID=243) to work on /opt/airflow/dags/taxi_pipeline.py
[2026-06-08T11:09:55.418+0000] {processor.py:830} INFO - Processing file /opt/airflow/dags/taxi_pipeline.py for tasks to queue
[2026-06-08T11:09:55.419+0000] {logging_mixin.py:188} INFO - [2026-06-08T11:09:55.419+0000] {dagbag.py:538} INFO - Filling up the DagBag from /opt/airflow/dags/taxi_pipeline.py
[2026-06-08T11:09:55.450+0000] {processor.py:840} INFO - DAG(s) 'nyc_taxi_lakehouse_pipeline' retrieved from /opt/airflow/dags/taxi_pipeline.py
[2026-06-08T11:09:55.471+0000] {logging_mixin.py:188} INFO - [2026-06-08T11:09:55.471+0000] {dag.py:3036} INFO - Sync 1 DAGs
[2026-06-08T11:09:55.488+0000] {logging_mixin.py:188} INFO - [2026-06-08T11:09:55.488+0000] {dag.py:3823} INFO - Setting next_dagrun for nyc_taxi_lakehouse_pipeline to 2026-06-07 00:00:00+00:00, run_after=2026-06-08 00:00:00+00:00
[2026-06-08T11:09:55.505+0000] {processor.py:183} INFO - Processing /opt/airflow/dags/taxi_pipeline.py took 0.095 seconds
[2026-06-08T11:10:25.663+0000] {processor.py:161} INFO - Started process (PID=248) to work on /opt/airflow/dags/taxi_pipeline.py
[2026-06-08T11:10:25.664+0000] {processor.py:830} INFO - Processing file /opt/airflow/dags/taxi_pipeline.py for tasks to queue
[2026-06-08T11:10:25.665+0000] {logging_mixin.py:188} INFO - [2026-06-08T11:10:25.665+0000] {dagbag.py:538} INFO - Filling up the DagBag from /opt/airflow/dags/taxi_pipeline.py
[2026-06-08T11:10:25.694+0000] {processor.py:840} INFO - DAG(s) 'nyc_taxi_lakehouse_pipeline' retrieved from /opt/airflow/dags/taxi_pipeline.py
[2026-06-08T11:10:25.716+0000] {logging_mixin.py:188} INFO - [2026-06-08T11:10:25.715+0000] {dag.py:3036} INFO - Sync 1 DAGs
[2026-06-08T11:10:25.731+0000] {logging_mixin.py:188} INFO - [2026-06-08T11:10:25.731+0000] {dag.py:3823} INFO - Setting next_dagrun for nyc_taxi_lakehouse_pipeline to 2026-06-07 00:00:00+00:00, run_after=2026-06-08 00:00:00+00:00
[2026-06-08T11:10:25.749+0000] {processor.py:183} INFO - Processing /opt/airflow/dags/taxi_pipeline.py took 0.090 seconds
[2026-06-08T11:10:55.995+0000] {processor.py:161} INFO - Started process (PID=253) to work on /opt/airflow/dags/taxi_pipeline.py
[2026-06-08T11:10:56.004+0000] {processor.py:830} INFO - Processing file /opt/airflow/dags/taxi_pipeline.py for tasks to queue
[2026-06-08T11:10:56.005+0000] {logging_mixin.py:188} INFO - [2026-06-08T11:10:56.005+0000] {dagbag.py:538} INFO - Filling up the DagBag from /opt/airflow/dags/taxi_pipeline.py
[2026-06-08T11:10:56.030+0000] {processor.py:840} INFO - DAG(s) 'nyc_taxi_lakehouse_pipeline' retrieved from /opt/airflow/dags/taxi_pipeline.py
[2026-06-08T11:10:56.053+0000] {logging_mixin.py:188} INFO - [2026-06-08T11:10:56.053+0000] {dag.py:3036} INFO - Sync 1 DAGs
[2026-06-08T11:10:56.070+0000] {logging_mixin.py:188} INFO - [2026-06-08T11:10:56.070+0000] {dag.py:3823} INFO - Setting next_dagrun for nyc_taxi_lakehouse_pipeline to 2026-06-07 00:00:00+00:00, run_after=2026-06-08 00:00:00+00:00
[2026-06-08T11:10:56.091+0000] {processor.py:183} INFO - Processing /opt/airflow/dags/taxi_pipeline.py took 0.100 seconds
[2026-06-08T11:11:26.177+0000] {processor.py:161} INFO - Started process (PID=258) to work on /opt/airflow/dags/taxi_pipeline.py
[2026-06-08T11:11:26.179+0000] {processor.py:830} INFO - Processing file /opt/airflow/dags/taxi_pipeline.py for tasks to queue
[2026-06-08T11:11:26.180+0000] {logging_mixin.py:188} INFO - [2026-06-08T11:11:26.179+0000] {dagbag.py:538} INFO - Filling up the DagBag from /opt/airflow/dags/taxi_pipeline.py
[2026-06-08T11:11:26.205+0000] {processor.py:840} INFO - DAG(s) 'nyc_taxi_lakehouse_pipeline' retrieved from /opt/airflow/dags/taxi_pipeline.py
[2026-06-08T11:11:26.238+0000] {logging_mixin.py:188} INFO - [2026-06-08T11:11:26.238+0000] {dag.py:3036} INFO - Sync 1 DAGs
[2026-06-08T11:11:26.261+0000] {logging_mixin.py:188} INFO - [2026-06-08T11:11:26.260+0000] {dag.py:3823} INFO - Setting next_dagrun for nyc_taxi_lakehouse_pipeline to 2026-06-07 00:00:00+00:00, run_after=2026-06-08 00:00:00+00:00
[2026-06-08T11:11:26.281+0000] {processor.py:183} INFO - Processing /opt/airflow/dags/taxi_pipeline.py took 0.108 seconds
[2026-06-08T11:11:54.492+0000] {processor.py:161} INFO - Started process (PID=172) to work on /opt/airflow/dags/taxi_pipeline.py
[2026-06-08T11:11:54.493+0000] {processor.py:830} INFO - Processing file /opt/airflow/dags/taxi_pipeline.py for tasks to queue
[2026-06-08T11:11:54.494+0000] {logging_mixin.py:188} INFO - [2026-06-08T11:11:54.493+0000] {dagbag.py:538} INFO - Filling up the DagBag from /opt/airflow/dags/taxi_pipeline.py
[2026-06-08T11:11:54.541+0000] {processor.py:840} INFO - DAG(s) 'nyc_taxi_lakehouse_pipeline' retrieved from /opt/airflow/dags/taxi_pipeline.py
[2026-06-08T11:11:54.576+0000] {logging_mixin.py:188} INFO - [2026-06-08T11:11:54.575+0000] {dag.py:3036} INFO - Sync 1 DAGs
[2026-06-08T11:11:54.604+0000] {logging_mixin.py:188} INFO - [2026-06-08T11:11:54.603+0000] {dag.py:3823} INFO - Setting next_dagrun for nyc_taxi_lakehouse_pipeline to 2026-06-07 00:00:00+00:00, run_after=2026-06-08 00:00:00+00:00
[2026-06-08T11:11:54.629+0000] {processor.py:183} INFO - Processing /opt/airflow/dags/taxi_pipeline.py took 0.140 seconds
[2026-06-08T11:12:24.773+0000] {processor.py:161} INFO - Started process (PID=177) to work on /opt/airflow/dags/taxi_pipeline.py
[2026-06-08T11:12:24.774+0000] {processor.py:830} INFO - Processing file /opt/airflow/dags/taxi_pipeline.py for tasks to queue
[2026-06-08T11:12:24.777+0000] {logging_mixin.py:188} INFO - [2026-06-08T11:12:24.776+0000] {dagbag.py:538} INFO - Filling up the DagBag from /opt/airflow/dags/taxi_pipeline.py
[2026-06-08T11:12:24.815+0000] {processor.py:840} INFO - DAG(s) 'nyc_taxi_lakehouse_pipeline' retrieved from /opt/airflow/dags/taxi_pipeline.py
[2026-06-08T11:12:24.967+0000] {logging_mixin.py:188} INFO - [2026-06-08T11:12:24.967+0000] {dag.py:3036} INFO - Sync 1 DAGs
[2026-06-08T11:12:24.981+0000] {logging_mixin.py:188} INFO - [2026-06-08T11:12:24.981+0000] {dag.py:3823} INFO - Setting next_dagrun for nyc_taxi_lakehouse_pipeline to 2026-06-07 00:00:00+00:00, run_after=2026-06-08 00:00:00+00:00
[2026-06-08T11:12:25.007+0000] {processor.py:183} INFO - Processing /opt/airflow/dags/taxi_pipeline.py took 0.243 seconds
[2026-06-08T11:12:55.094+0000] {processor.py:161} INFO - Started process (PID=182) to work on /opt/airflow/dags/taxi_pipeline.py
[2026-06-08T11:12:55.095+0000] {processor.py:830} INFO - Processing file /opt/airflow/dags/taxi_pipeline.py for tasks to queue
[2026-06-08T11:12:55.096+0000] {logging_mixin.py:188} INFO - [2026-06-08T11:12:55.096+0000] {dagbag.py:538} INFO - Filling up the DagBag from /opt/airflow/dags/taxi_pipeline.py
[2026-06-08T11:12:55.112+0000] {processor.py:840} INFO - DAG(s) 'nyc_taxi_lakehouse_pipeline' retrieved from /opt/airflow/dags/taxi_pipeline.py
[2026-06-08T11:12:55.133+0000] {logging_mixin.py:188} INFO - [2026-06-08T11:12:55.133+0000] {dag.py:3036} INFO - Sync 1 DAGs
[2026-06-08T11:12:55.149+0000] {logging_mixin.py:188} INFO - [2026-06-08T11:12:55.149+0000] {dag.py:3823} INFO - Setting next_dagrun for nyc_taxi_lakehouse_pipeline to 2026-06-07 00:00:00+00:00, run_after=2026-06-08 00:00:00+00:00
[2026-06-08T11:12:55.179+0000] {processor.py:183} INFO - Processing /opt/airflow/dags/taxi_pipeline.py took 0.087 seconds
[2026-06-08T11:13:25.367+0000] {processor.py:161} INFO - Started process (PID=187) to work on /opt/airflow/dags/taxi_pipeline.py
[2026-06-08T11:13:25.369+0000] {processor.py:830} INFO - Processing file /opt/airflow/dags/taxi_pipeline.py for tasks to queue
[2026-06-08T11:13:25.370+0000] {logging_mixin.py:188} INFO - [2026-06-08T11:13:25.370+0000] {dagbag.py:538} INFO - Filling up the DagBag from /opt/airflow/dags/taxi_pipeline.py
[2026-06-08T11:13:25.406+0000] {processor.py:840} INFO - DAG(s) 'nyc_taxi_lakehouse_pipeline' retrieved from /opt/airflow/dags/taxi_pipeline.py
[2026-06-08T11:13:25.428+0000] {logging_mixin.py:188} INFO - [2026-06-08T11:13:25.428+0000] {dag.py:3036} INFO - Sync 1 DAGs
[2026-06-08T11:13:25.446+0000] {logging_mixin.py:188} INFO - [2026-06-08T11:13:25.445+0000] {dag.py:3823} INFO - Setting next_dagrun for nyc_taxi_lakehouse_pipeline to 2026-06-07 00:00:00+00:00, run_after=2026-06-08 00:00:00+00:00
[2026-06-08T11:13:25.477+0000] {processor.py:183} INFO - Processing /opt/airflow/dags/taxi_pipeline.py took 0.115 seconds
[2026-06-08T11:13:55.680+0000] {processor.py:161} INFO - Started process (PID=192) to work on /opt/airflow/dags/taxi_pipeline.py
[2026-06-08T11:13:55.681+0000] {processor.py:830} INFO - Processing file /opt/airflow/dags/taxi_pipeline.py for tasks to queue
[2026-06-08T11:13:55.682+0000] {logging_mixin.py:188} INFO - [2026-06-08T11:13:55.682+0000] {dagbag.py:538} INFO - Filling up the DagBag from /opt/airflow/dags/taxi_pipeline.py
[2026-06-08T11:13:55.697+0000] {processor.py:840} INFO - DAG(s) 'nyc_taxi_lakehouse_pipeline' retrieved from /opt/airflow/dags/taxi_pipeline.py
[2026-06-08T11:13:55.717+0000] {logging_mixin.py:188} INFO - [2026-06-08T11:13:55.717+0000] {dag.py:3036} INFO - Sync 1 DAGs
[2026-06-08T11:13:55.733+0000] {logging_mixin.py:188} INFO - [2026-06-08T11:13:55.733+0000] {dag.py:3823} INFO - Setting next_dagrun for nyc_taxi_lakehouse_pipeline to 2026-06-07 00:00:00+00:00, run_after=2026-06-08 00:00:00+00:00
[2026-06-08T11:13:55.748+0000] {processor.py:183} INFO - Processing /opt/airflow/dags/taxi_pipeline.py took 0.070 seconds
[2026-06-08T11:14:25.928+0000] {processor.py:161} INFO - Started process (PID=197) to work on /opt/airflow/dags/taxi_pipeline.py
[2026-06-08T11:14:25.929+0000] {processor.py:830} INFO - Processing file /opt/airflow/dags/taxi_pipeline.py for tasks to queue
[2026-06-08T11:14:25.930+0000] {logging_mixin.py:188} INFO - [2026-06-08T11:14:25.930+0000] {dagbag.py:538} INFO - Filling up the DagBag from /opt/airflow/dags/taxi_pipeline.py
[2026-06-08T11:14:25.946+0000] {processor.py:840} INFO - DAG(s) 'nyc_taxi_lakehouse_pipeline' retrieved from /opt/airflow/dags/taxi_pipeline.py
[2026-06-08T11:14:25.963+0000] {logging_mixin.py:188} INFO - [2026-06-08T11:14:25.963+0000] {dag.py:3036} INFO - Sync 1 DAGs
[2026-06-08T11:14:25.979+0000] {logging_mixin.py:188} INFO - [2026-06-08T11:14:25.979+0000] {dag.py:3823} INFO - Setting next_dagrun for nyc_taxi_lakehouse_pipeline to 2026-06-07 00:00:00+00:00, run_after=2026-06-08 00:00:00+00:00
[2026-06-08T11:14:25.993+0000] {processor.py:183} INFO - Processing /opt/airflow/dags/taxi_pipeline.py took 0.070 seconds
[2026-06-08T11:14:56.242+0000] {processor.py:161} INFO - Started process (PID=202) to work on /opt/airflow/dags/taxi_pipeline.py
[2026-06-08T11:14:56.243+0000] {processor.py:830} INFO - Processing file /opt/airflow/dags/taxi_pipeline.py for tasks to queue
[2026-06-08T11:14:56.244+0000] {logging_mixin.py:188} INFO - [2026-06-08T11:14:56.244+0000] {dagbag.py:538} INFO - Filling up the DagBag from /opt/airflow/dags/taxi_pipeline.py
[2026-06-08T11:14:56.262+0000] {processor.py:840} INFO - DAG(s) 'nyc_taxi_lakehouse_pipeline' retrieved from /opt/airflow/dags/taxi_pipeline.py
[2026-06-08T11:14:56.281+0000] {logging_mixin.py:188} INFO - [2026-06-08T11:14:56.281+0000] {dag.py:3036} INFO - Sync 1 DAGs
[2026-06-08T11:14:56.296+0000] {logging_mixin.py:188} INFO - [2026-06-08T11:14:56.296+0000] {dag.py:3823} INFO - Setting next_dagrun for nyc_taxi_lakehouse_pipeline to 2026-06-07 00:00:00+00:00, run_after=2026-06-08 00:00:00+00:00
[2026-06-08T11:14:56.310+0000] {processor.py:183} INFO - Processing /opt/airflow/dags/taxi_pipeline.py took 0.070 seconds
[2026-06-08T11:15:26.498+0000] {processor.py:161} INFO - Started process (PID=207) to work on /opt/airflow/dags/taxi_pipeline.py
[2026-06-08T11:15:26.499+0000] {processor.py:830} INFO - Processing file /opt/airflow/dags/taxi_pipeline.py for tasks to queue
[2026-06-08T11:15:26.500+0000] {logging_mixin.py:188} INFO - [2026-06-08T11:15:26.499+0000] {dagbag.py:538} INFO - Filling up the DagBag from /opt/airflow/dags/taxi_pipeline.py
[2026-06-08T11:15:26.514+0000] {processor.py:840} INFO - DAG(s) 'nyc_taxi_lakehouse_pipeline' retrieved from /opt/airflow/dags/taxi_pipeline.py
[2026-06-08T11:15:26.534+0000] {logging_mixin.py:188} INFO - [2026-06-08T11:15:26.534+0000] {dag.py:3036} INFO - Sync 1 DAGs
[2026-06-08T11:15:26.553+0000] {logging_mixin.py:188} INFO - [2026-06-08T11:15:26.553+0000] {dag.py:3823} INFO - Setting next_dagrun for nyc_taxi_lakehouse_pipeline to 2026-06-07 00:00:00+00:00, run_after=2026-06-08 00:00:00+00:00
[2026-06-08T11:15:26.580+0000] {processor.py:183} INFO - Processing /opt/airflow/dags/taxi_pipeline.py took 0.084 seconds
[2026-06-08T11:15:56.764+0000] {processor.py:161} INFO - Started process (PID=212) to work on /opt/airflow/dags/taxi_pipeline.py
[2026-06-08T11:15:56.765+0000] {processor.py:830} INFO - Processing file /opt/airflow/dags/taxi_pipeline.py for tasks to queue
[2026-06-08T11:15:56.766+0000] {logging_mixin.py:188} INFO - [2026-06-08T11:15:56.766+0000] {dagbag.py:538} INFO - Filling up the DagBag from /opt/airflow/dags/taxi_pipeline.py
[2026-06-08T11:15:56.800+0000] {processor.py:840} INFO - DAG(s) 'nyc_taxi_lakehouse_pipeline' retrieved from /opt/airflow/dags/taxi_pipeline.py
[2026-06-08T11:15:56.820+0000] {logging_mixin.py:188} INFO - [2026-06-08T11:15:56.820+0000] {dag.py:3036} INFO - Sync 1 DAGs
[2026-06-08T11:15:56.836+0000] {logging_mixin.py:188} INFO - [2026-06-08T11:15:56.836+0000] {dag.py:3823} INFO - Setting next_dagrun for nyc_taxi_lakehouse_pipeline to 2026-06-07 00:00:00+00:00, run_after=2026-06-08 00:00:00+00:00
[2026-06-08T11:15:56.854+0000] {processor.py:183} INFO - Processing /opt/airflow/dags/taxi_pipeline.py took 0.093 seconds
[2026-06-08T11:16:27.034+0000] {processor.py:161} INFO - Started process (PID=217) to work on /opt/airflow/dags/taxi_pipeline.py
[2026-06-08T11:16:27.036+0000] {processor.py:830} INFO - Processing file /opt/airflow/dags/taxi_pipeline.py for tasks to queue
[2026-06-08T11:16:27.037+0000] {logging_mixin.py:188} INFO - [2026-06-08T11:16:27.036+0000] {dagbag.py:538} INFO - Filling up the DagBag from /opt/airflow/dags/taxi_pipeline.py
[2026-06-08T11:16:27.063+0000] {processor.py:840} INFO - DAG(s) 'nyc_taxi_lakehouse_pipeline' retrieved from /opt/airflow/dags/taxi_pipeline.py
[2026-06-08T11:16:27.085+0000] {logging_mixin.py:188} INFO - [2026-06-08T11:16:27.085+0000] {dag.py:3036} INFO - Sync 1 DAGs
[2026-06-08T11:16:27.102+0000] {logging_mixin.py:188} INFO - [2026-06-08T11:16:27.102+0000] {dag.py:3823} INFO - Setting next_dagrun for nyc_taxi_lakehouse_pipeline to 2026-06-07 00:00:00+00:00, run_after=2026-06-08 00:00:00+00:00
[2026-06-08T11:16:27.119+0000] {processor.py:183} INFO - Processing /opt/airflow/dags/taxi_pipeline.py took 0.089 seconds
[2026-06-08T11:16:57.392+0000] {processor.py:161} INFO - Started process (PID=222) to work on /opt/airflow/dags/taxi_pipeline.py
[2026-06-08T11:16:57.393+0000] {processor.py:830} INFO - Processing file /opt/airflow/dags/taxi_pipeline.py for tasks to queue
[2026-06-08T11:16:57.393+0000] {logging_mixin.py:188} INFO - [2026-06-08T11:16:57.393+0000] {dagbag.py:538} INFO - Filling up the DagBag from /opt/airflow/dags/taxi_pipeline.py
[2026-06-08T11:16:57.408+0000] {processor.py:840} INFO - DAG(s) 'nyc_taxi_lakehouse_pipeline' retrieved from /opt/airflow/dags/taxi_pipeline.py
[2026-06-08T11:16:57.428+0000] {logging_mixin.py:188} INFO - [2026-06-08T11:16:57.428+0000] {dag.py:3036} INFO - Sync 1 DAGs
[2026-06-08T11:16:57.444+0000] {logging_mixin.py:188} INFO - [2026-06-08T11:16:57.444+0000] {dag.py:3823} INFO - Setting next_dagrun for nyc_taxi_lakehouse_pipeline to 2026-06-07 00:00:00+00:00, run_after=2026-06-08 00:00:00+00:00
[2026-06-08T11:16:57.462+0000] {processor.py:183} INFO - Processing /opt/airflow/dags/taxi_pipeline.py took 0.072 seconds
[2026-06-08T11:17:27.649+0000] {processor.py:161} INFO - Started process (PID=227) to work on /opt/airflow/dags/taxi_pipeline.py
[2026-06-08T11:17:27.650+0000] {processor.py:830} INFO - Processing file /opt/airflow/dags/taxi_pipeline.py for tasks to queue
[2026-06-08T11:17:27.651+0000] {logging_mixin.py:188} INFO - [2026-06-08T11:17:27.651+0000] {dagbag.py:538} INFO - Filling up the DagBag from /opt/airflow/dags/taxi_pipeline.py
[2026-06-08T11:17:27.664+0000] {processor.py:840} INFO - DAG(s) 'nyc_taxi_lakehouse_pipeline' retrieved from /opt/airflow/dags/taxi_pipeline.py
[2026-06-08T11:17:27.685+0000] {logging_mixin.py:188} INFO - [2026-06-08T11:17:27.685+0000] {dag.py:3036} INFO - Sync 1 DAGs
[2026-06-08T11:17:27.701+0000] {logging_mixin.py:188} INFO - [2026-06-08T11:17:27.701+0000] {dag.py:3823} INFO - Setting next_dagrun for nyc_taxi_lakehouse_pipeline to 2026-06-07 00:00:00+00:00, run_after=2026-06-08 00:00:00+00:00
[2026-06-08T11:17:27.718+0000] {processor.py:183} INFO - Processing /opt/airflow/dags/taxi_pipeline.py took 0.071 seconds
[2026-06-08T11:17:57.955+0000] {processor.py:161} INFO - Started process (PID=232) to work on /opt/airflow/dags/taxi_pipeline.py
[2026-06-08T11:17:57.955+0000] {processor.py:830} INFO - Processing file /opt/airflow/dags/taxi_pipeline.py for tasks to queue
[2026-06-08T11:17:57.956+0000] {logging_mixin.py:188} INFO - [2026-06-08T11:17:57.956+0000] {dagbag.py:538} INFO - Filling up the DagBag from /opt/airflow/dags/taxi_pipeline.py
[2026-06-08T11:17:57.970+0000] {processor.py:840} INFO - DAG(s) 'nyc_taxi_lakehouse_pipeline' retrieved from /opt/airflow/dags/taxi_pipeline.py
[2026-06-08T11:17:57.989+0000] {logging_mixin.py:188} INFO - [2026-06-08T11:17:57.989+0000] {dag.py:3036} INFO - Sync 1 DAGs
[2026-06-08T11:17:58.006+0000] {logging_mixin.py:188} INFO - [2026-06-08T11:17:58.005+0000] {dag.py:3823} INFO - Setting next_dagrun for nyc_taxi_lakehouse_pipeline to 2026-06-07 00:00:00+00:00, run_after=2026-06-08 00:00:00+00:00
[2026-06-08T11:17:58.021+0000] {processor.py:183} INFO - Processing /opt/airflow/dags/taxi_pipeline.py took 0.068 seconds
[2026-06-08T11:18:28.211+0000] {processor.py:161} INFO - Started process (PID=237) to work on /opt/airflow/dags/taxi_pipeline.py
[2026-06-08T11:18:28.212+0000] {processor.py:830} INFO - Processing file /opt/airflow/dags/taxi_pipeline.py for tasks to queue
[2026-06-08T11:18:28.213+0000] {logging_mixin.py:188} INFO - [2026-06-08T11:18:28.213+0000] {dagbag.py:538} INFO - Filling up the DagBag from /opt/airflow/dags/taxi_pipeline.py
[2026-06-08T11:18:28.228+0000] {processor.py:840} INFO - DAG(s) 'nyc_taxi_lakehouse_pipeline' retrieved from /opt/airflow/dags/taxi_pipeline.py
[2026-06-08T11:18:28.249+0000] {logging_mixin.py:188} INFO - [2026-06-08T11:18:28.249+0000] {dag.py:3036} INFO - Sync 1 DAGs
[2026-06-08T11:18:28.267+0000] {logging_mixin.py:188} INFO - [2026-06-08T11:18:28.267+0000] {dag.py:3823} INFO - Setting next_dagrun for nyc_taxi_lakehouse_pipeline to 2026-06-07 00:00:00+00:00, run_after=2026-06-08 00:00:00+00:00
[2026-06-08T11:18:28.290+0000] {processor.py:183} INFO - Processing /opt/airflow/dags/taxi_pipeline.py took 0.081 seconds
[2026-06-08T11:18:58.541+0000] {processor.py:161} INFO - Started process (PID=242) to work on /opt/airflow/dags/taxi_pipeline.py
[2026-06-08T11:18:58.542+0000] {processor.py:830} INFO - Processing file /opt/airflow/dags/taxi_pipeline.py for tasks to queue
[2026-06-08T11:18:58.543+0000] {logging_mixin.py:188} INFO - [2026-06-08T11:18:58.542+0000] {dagbag.py:538} INFO - Filling up the DagBag from /opt/airflow/dags/taxi_pipeline.py
[2026-06-08T11:18:58.585+0000] {processor.py:840} INFO - DAG(s) 'nyc_taxi_lakehouse_pipeline' retrieved from /opt/airflow/dags/taxi_pipeline.py
[2026-06-08T11:18:58.606+0000] {logging_mixin.py:188} INFO - [2026-06-08T11:18:58.606+0000] {dag.py:3036} INFO - Sync 1 DAGs
[2026-06-08T11:18:58.623+0000] {logging_mixin.py:188} INFO - [2026-06-08T11:18:58.623+0000] {dag.py:3823} INFO - Setting next_dagrun for nyc_taxi_lakehouse_pipeline to 2026-06-07 00:00:00+00:00, run_after=2026-06-08 00:00:00+00:00
[2026-06-08T11:18:58.647+0000] {processor.py:183} INFO - Processing /opt/airflow/dags/taxi_pipeline.py took 0.109 seconds
[2026-06-08T11:19:28.797+0000] {processor.py:161} INFO - Started process (PID=247) to work on /opt/airflow/dags/taxi_pipeline.py
[2026-06-08T11:19:28.798+0000] {processor.py:830} INFO - Processing file /opt/airflow/dags/taxi_pipeline.py for tasks to queue
[2026-06-08T11:19:28.799+0000] {logging_mixin.py:188} INFO - [2026-06-08T11:19:28.799+0000] {dagbag.py:538} INFO - Filling up the DagBag from /opt/airflow/dags/taxi_pipeline.py
[2026-06-08T11:19:28.815+0000] {processor.py:840} INFO - DAG(s) 'nyc_taxi_lakehouse_pipeline' retrieved from /opt/airflow/dags/taxi_pipeline.py
[2026-06-08T11:19:28.837+0000] {logging_mixin.py:188} INFO - [2026-06-08T11:19:28.837+0000] {dag.py:3036} INFO - Sync 1 DAGs
[2026-06-08T11:19:28.855+0000] {logging_mixin.py:188} INFO - [2026-06-08T11:19:28.855+0000] {dag.py:3823} INFO - Setting next_dagrun for nyc_taxi_lakehouse_pipeline to 2026-06-07 00:00:00+00:00, run_after=2026-06-08 00:00:00+00:00
[2026-06-08T11:19:28.875+0000] {processor.py:183} INFO - Processing /opt/airflow/dags/taxi_pipeline.py took 0.080 seconds
