[2026-06-09T05:29:26.470+0000] {taskinstance.py:1956} INFO - Dependencies all met for dep_context=non-requeueable deps ti=<TaskInstance: nyc_taxi_lakehouse_pipeline.bronze_ingestion scheduled__2026-06-08T00:00:00+00:00 [queued]>
[2026-06-09T05:29:26.478+0000] {taskinstance.py:1956} INFO - Dependencies all met for dep_context=requeueable deps ti=<TaskInstance: nyc_taxi_lakehouse_pipeline.bronze_ingestion scheduled__2026-06-08T00:00:00+00:00 [queued]>
[2026-06-09T05:29:26.478+0000] {taskinstance.py:2170} INFO - Starting attempt 1 of 2
[2026-06-09T05:29:26.491+0000] {taskinstance.py:2191} INFO - Executing <Task(BashOperator): bronze_ingestion> on 2026-06-08 00:00:00+00:00
[2026-06-09T05:29:26.496+0000] {standard_task_runner.py:60} INFO - Started process 181 to run task
[2026-06-09T05:29:26.501+0000] {standard_task_runner.py:87} INFO - Running: ['***', 'tasks', 'run', 'nyc_taxi_lakehouse_pipeline', 'bronze_ingestion', 'scheduled__2026-06-08T00:00:00+00:00', '--job-id', '11', '--raw', '--subdir', 'DAGS_FOLDER/taxi_pipeline.py', '--cfg-path', '/tmp/tmp3tja132q']
[2026-06-09T05:29:26.505+0000] {standard_task_runner.py:88} INFO - Job 11: Subtask bronze_ingestion
[2026-06-09T05:29:26.580+0000] {task_command.py:423} INFO - Running <TaskInstance: nyc_taxi_lakehouse_pipeline.bronze_ingestion scheduled__2026-06-08T00:00:00+00:00 [running]> on host 6c6b542dd66b
[2026-06-09T05:29:26.660+0000] {taskinstance.py:2480} INFO - Exporting env vars: AIRFLOW_CTX_DAG_OWNER='data_engineer' AIRFLOW_CTX_DAG_ID='nyc_taxi_lakehouse_pipeline' AIRFLOW_CTX_TASK_ID='bronze_ingestion' AIRFLOW_CTX_EXECUTION_DATE='2026-06-08T00:00:00+00:00' AIRFLOW_CTX_TRY_NUMBER='1' AIRFLOW_CTX_DAG_RUN_ID='scheduled__2026-06-08T00:00:00+00:00'
[2026-06-09T05:29:26.661+0000] {subprocess.py:63} INFO - Tmp dir root location: /tmp
[2026-06-09T05:29:26.663+0000] {subprocess.py:75} INFO - Running command: ['/usr/bin/bash', '-c', 'cd /opt/*** && python src/pipeline/bronze_ingestion.py']
[2026-06-09T05:29:26.671+0000] {subprocess.py:86} INFO - Output:
[2026-06-09T05:29:26.820+0000] {subprocess.py:93} INFO - 2026-06-09 05:29:26,819  [INFO]  ============================================================
[2026-06-09T05:29:26.821+0000] {subprocess.py:93} INFO - 2026-06-09 05:29:26,820  [INFO]  NYC Taxi Lakehouse — Bronze Ingestion
[2026-06-09T05:29:26.821+0000] {subprocess.py:93} INFO - 2026-06-09 05:29:26,820  [INFO]  Batch ID  : batch_20260609_052926_f22afc
[2026-06-09T05:29:26.822+0000] {subprocess.py:93} INFO - 2026-06-09 05:29:26,821  [INFO]  Write mode: overwrite
[2026-06-09T05:29:26.822+0000] {subprocess.py:93} INFO - 2026-06-09 05:29:26,821  [INFO]  ============================================================
[2026-06-09T05:29:27.353+0000] {subprocess.py:93} INFO - 2026-06-09 05:29:27,348  [INFO]  Initialising SparkSession [NYC_Taxi_Bronze_Ingestion]  |  MinIO=http://minio:9000
[2026-06-09T05:29:27.354+0000] {subprocess.py:93} INFO - 2026-06-09 05:29:27,354  [INFO]  Using pre-baked JARs from /opt/spark/jars  (5 files)
[2026-06-09T05:29:30.347+0000] {subprocess.py:93} INFO - :: loading settings :: url = jar:file:/home/***/.local/lib/python3.10/site-packages/pyspark/jars/ivy-2.5.1.jar!/org/apache/ivy/core/settings/ivysettings.xml
[2026-06-09T05:29:30.455+0000] {subprocess.py:93} INFO - Ivy Default Cache set to: /home/***/.ivy2/cache
[2026-06-09T05:29:30.456+0000] {subprocess.py:93} INFO - The jars for the packages stored in: /home/***/.ivy2/jars
[2026-06-09T05:29:30.462+0000] {subprocess.py:93} INFO - io.delta#delta-spark_2.12 added as a dependency
[2026-06-09T05:29:30.463+0000] {subprocess.py:93} INFO - :: resolving dependencies :: org.apache.spark#spark-submit-parent-41bfc003-4733-4d62-8dd9-187715b993c0;1.0
[2026-06-09T05:29:30.464+0000] {subprocess.py:93} INFO - 	confs: [default]
[2026-06-09T05:29:31.503+0000] {subprocess.py:93} INFO - 	found io.delta#delta-spark_2.12;3.3.0 in central
[2026-06-09T05:29:31.654+0000] {subprocess.py:93} INFO - 	found io.delta#delta-storage;3.3.0 in central
[2026-06-09T05:29:33.586+0000] {subprocess.py:93} INFO - 	found org.antlr#antlr4-runtime;4.9.3 in central
[2026-06-09T05:29:33.657+0000] {subprocess.py:93} INFO - downloading https://repo1.maven.org/maven2/io/delta/delta-spark_2.12/3.3.0/delta-spark_2.12-3.3.0.jar ...
[2026-06-09T05:29:37.454+0000] {subprocess.py:93} INFO - 	[SUCCESSFUL ] io.delta#delta-spark_2.12;3.3.0!delta-spark_2.12.jar (3854ms)
[2026-06-09T05:29:37.515+0000] {subprocess.py:93} INFO - downloading https://repo1.maven.org/maven2/io/delta/delta-storage/3.3.0/delta-storage-3.3.0.jar ...
[2026-06-09T05:29:37.588+0000] {subprocess.py:93} INFO - 	[SUCCESSFUL ] io.delta#delta-storage;3.3.0!delta-storage.jar (132ms)
[2026-06-09T05:29:37.637+0000] {subprocess.py:93} INFO - downloading https://repo1.maven.org/maven2/org/antlr/antlr4-runtime/4.9.3/antlr4-runtime-4.9.3.jar ...
[2026-06-09T05:29:37.793+0000] {subprocess.py:93} INFO - 	[SUCCESSFUL ] org.antlr#antlr4-runtime;4.9.3!antlr4-runtime.jar (202ms)
[2026-06-09T05:29:37.794+0000] {subprocess.py:93} INFO - :: resolution report :: resolve 3134ms :: artifacts dl 4196ms
[2026-06-09T05:29:37.795+0000] {subprocess.py:93} INFO - 	:: modules in use:
[2026-06-09T05:29:37.795+0000] {subprocess.py:93} INFO - 	io.delta#delta-spark_2.12;3.3.0 from central in [default]
[2026-06-09T05:29:37.796+0000] {subprocess.py:93} INFO - 	io.delta#delta-storage;3.3.0 from central in [default]
[2026-06-09T05:29:37.796+0000] {subprocess.py:93} INFO - 	org.antlr#antlr4-runtime;4.9.3 from central in [default]
[2026-06-09T05:29:37.797+0000] {subprocess.py:93} INFO - 	---------------------------------------------------------------------
[2026-06-09T05:29:37.798+0000] {subprocess.py:93} INFO - 	|                  |            modules            ||   artifacts   |
[2026-06-09T05:29:37.799+0000] {subprocess.py:93} INFO - 	|       conf       | number| search|dwnlded|evicted|| number|dwnlded|
[2026-06-09T05:29:37.800+0000] {subprocess.py:93} INFO - 	---------------------------------------------------------------------
[2026-06-09T05:29:37.800+0000] {subprocess.py:93} INFO - 	|      default     |   3   |   3   |   3   |   0   ||   3   |   3   |
[2026-06-09T05:29:37.801+0000] {subprocess.py:93} INFO - 	---------------------------------------------------------------------
[2026-06-09T05:29:37.802+0000] {subprocess.py:93} INFO - :: retrieving :: org.apache.spark#spark-submit-parent-41bfc003-4733-4d62-8dd9-187715b993c0
[2026-06-09T05:29:37.802+0000] {subprocess.py:93} INFO - 	confs: [default]
[2026-06-09T05:29:37.819+0000] {subprocess.py:93} INFO - 	3 artifacts copied, 0 already retrieved (7313kB/20ms)
[2026-06-09T05:29:38.105+0000] {subprocess.py:93} INFO - 26/06/09 05:29:38 WARN NativeCodeLoader: Unable to load native-hadoop library for your platform... using builtin-java classes where applicable
[2026-06-09T05:29:38.369+0000] {subprocess.py:93} INFO - Setting default log level to "WARN".
[2026-06-09T05:29:38.370+0000] {subprocess.py:93} INFO - To adjust logging level use sc.setLogLevel(newLevel). For SparkR, use setLogLevel(newLevel).
[2026-06-09T05:29:38.649+0000] {subprocess.py:93} INFO - Setting Spark log level to "WARN".
[2026-06-09T05:29:41.280+0000] {subprocess.py:93} INFO - 2026-06-09 05:29:41,279  [INFO]  SparkSession ready  |  version=3.5.4
[2026-06-09T05:29:41.280+0000] {subprocess.py:93} INFO - 2026-06-09 05:29:41,280  [INFO]  Reading raw Parquet files from: /opt/***/data/raw/yellow_taxi/*.parquet
[2026-06-09T05:29:45.954+0000] {subprocess.py:93} INFO - [Stage 0:>                                                          (0 + 1) / 1]                                                                                2026-06-09 05:29:45,953  [INFO]  Raw records loaded: 9,554,778
[2026-06-09T05:29:46.073+0000] {subprocess.py:93} INFO - 2026-06-09 05:29:46,072  [INFO]  Audit columns added: ingested_at, source_file, batch_id=batch_20260609_052926_f22afc
[2026-06-09T05:29:46.074+0000] {subprocess.py:93} INFO - 2026-06-09 05:29:46,073  [INFO]  Writing Bronze table [bronze_yellow_taxi_trips] to: s3a://lakehouse/bronze/yellow_taxi  (mode=overwrite)
[2026-06-09T05:29:46.295+0000] {subprocess.py:93} INFO - 26/06/09 05:29:46 WARN MetricsConfig: Cannot locate configuration: tried hadoop-metrics2-s3a-file-system.properties,hadoop-metrics2.properties
[2026-06-09T05:30:01.775+0000] {subprocess.py:93} INFO - [Stage 4:>                                                        (0 + 16) / 16][Stage 4:=====================>                                   (6 + 10) / 16][Stage 4:=========================>                                (7 + 9) / 16][Stage 4:=============================>                            (8 + 8) / 16][Stage 4:================================>                         (9 + 7) / 16][Stage 4:=====================================================>   (15 + 1) / 16]                                                                                2026-06-09 05:30:01,774  [INFO]  Saved bronze_yellow_taxi_trips: 9,554,778 rows -> s3a://lakehouse/bronze/yellow_taxi
[2026-06-09T05:30:01.776+0000] {subprocess.py:93} INFO - 2026-06-09 05:30:01,775  [INFO]  Reading taxi zone CSV from: /opt/***/data/raw/taxi_zones/taxi_zone_lookup.csv
[2026-06-09T05:30:02.519+0000] {subprocess.py:93} INFO - 2026-06-09 05:30:02,518  [INFO]  Zone records loaded: 265
[2026-06-09T05:30:02.532+0000] {subprocess.py:93} INFO - 2026-06-09 05:30:02,531  [INFO]  Writing Bronze table [bronze_taxi_zones] to: s3a://lakehouse/bronze/taxi_zones  (mode=overwrite)
[2026-06-09T05:30:03.376+0000] {subprocess.py:93} INFO - 2026-06-09 05:30:03,375  [INFO]  Saved bronze_taxi_zones: 265 rows -> s3a://lakehouse/bronze/taxi_zones
[2026-06-09T05:30:03.377+0000] {subprocess.py:93} INFO - 2026-06-09 05:30:03,376  [INFO]  ============================================================
[2026-06-09T05:30:03.378+0000] {subprocess.py:93} INFO - 2026-06-09 05:30:03,377  [INFO]  Bronze ingestion complete in 36.6s
[2026-06-09T05:30:03.379+0000] {subprocess.py:93} INFO - 2026-06-09 05:30:03,377  [INFO]  ============================================================
[2026-06-09T05:30:03.517+0000] {subprocess.py:93} INFO - 2026-06-09 05:30:03,516  [INFO]  SparkSession stopped.
[2026-06-09T05:30:03.589+0000] {subprocess.py:93} INFO - 2026-06-09 05:30:03,535  [INFO]  Closing down clientserver connection
[2026-06-09T05:30:04.205+0000] {subprocess.py:97} INFO - Command exited with return code 0
[2026-06-09T05:30:04.305+0000] {taskinstance.py:1138} INFO - Marking task as SUCCESS. dag_id=nyc_taxi_lakehouse_pipeline, task_id=bronze_ingestion, execution_date=20260608T000000, start_date=20260609T052926, end_date=20260609T053004
[2026-06-09T05:30:04.379+0000] {local_task_job_runner.py:234} INFO - Task exited with return code 0
[2026-06-09T05:30:04.433+0000] {taskinstance.py:3280} INFO - 0 downstream tasks scheduled from follow-on schedule check
