[2026-06-08T09:58:11.480+0000] {manager.py:469} INFO - Processing files using up to 2 processes at a time 
[2026-06-08T09:58:11.482+0000] {manager.py:470} INFO - Process each file at most once every 30 seconds
[2026-06-08T09:58:11.483+0000] {manager.py:471} INFO - Checking for new files in /opt/airflow/dags every 300 seconds
[2026-06-08T09:58:11.484+0000] {manager.py:738} INFO - Searching for files in /opt/airflow/dags
[2026-06-08T09:58:11.495+0000] {manager.py:741} INFO - There are 0 files in /opt/airflow/dags
[2026-06-08T10:03:12.276+0000] {manager.py:738} INFO - Searching for files in /opt/airflow/dags
[2026-06-08T10:03:12.298+0000] {manager.py:741} INFO - There are 0 files in /opt/airflow/dags
[2026-06-08T11:11:54.380+0000] {manager.py:469} INFO - Processing files using up to 2 processes at a time 
[2026-06-08T11:11:54.398+0000] {manager.py:470} INFO - Process each file at most once every 30 seconds
[2026-06-08T11:11:54.404+0000] {manager.py:471} INFO - Checking for new files in /opt/airflow/dags every 300 seconds
[2026-06-08T11:11:54.405+0000] {manager.py:738} INFO - Searching for files in /opt/airflow/dags
[2026-06-08T11:11:54.438+0000] {manager.py:741} INFO - There are 1 files in /opt/airflow/dags
[2026-06-08T11:11:54.500+0000] {manager.py:879} INFO - 
================================================================================
DAG File Processing Stats

File Path                             PID  Runtime      # DAGs    # Errors  Last Runtime    Last Run
----------------------------------  -----  ---------  --------  ----------  --------------  ----------
/opt/airflow/dags/taxi_pipeline.py    172  0.03s             0           0
================================================================================
[2026-06-08T11:12:24.748+0000] {manager.py:879} INFO - 
================================================================================
DAG File Processing Stats

File Path                             PID  Runtime      # DAGs    # Errors  Last Runtime    Last Run
----------------------------------  -----  ---------  --------  ----------  --------------  -------------------
/opt/airflow/dags/taxi_pipeline.py    177  0.01s             1           0  0.16s           2026-06-08T11:11:54
================================================================================
[2026-06-08T11:12:55.084+0000] {manager.py:879} INFO - 
================================================================================
DAG File Processing Stats

File Path                             PID  Runtime      # DAGs    # Errors  Last Runtime    Last Run
----------------------------------  -----  ---------  --------  ----------  --------------  -------------------
/opt/airflow/dags/taxi_pipeline.py    182  0.00s             1           0  0.28s           2026-06-08T11:12:25
================================================================================
[2026-06-08T11:13:25.338+0000] {manager.py:879} INFO - 
================================================================================
DAG File Processing Stats

File Path                             PID  Runtime      # DAGs    # Errors  Last Runtime    Last Run
----------------------------------  -----  ---------  --------  ----------  --------------  -------------------
/opt/airflow/dags/taxi_pipeline.py    187  0.01s             1           0  0.11s           2026-06-08T11:12:55
================================================================================
[2026-06-08T11:13:55.666+0000] {manager.py:879} INFO - 
================================================================================
DAG File Processing Stats

File Path                             PID  Runtime      # DAGs    # Errors  Last Runtime    Last Run
----------------------------------  -----  ---------  --------  ----------  --------------  -------------------
/opt/airflow/dags/taxi_pipeline.py    192  0.01s             1           0  0.15s           2026-06-08T11:13:25
================================================================================
[2026-06-08T11:14:25.918+0000] {manager.py:879} INFO - 
================================================================================
DAG File Processing Stats

File Path                             PID  Runtime      # DAGs    # Errors  Last Runtime    Last Run
----------------------------------  -----  ---------  --------  ----------  --------------  -------------------
/opt/airflow/dags/taxi_pipeline.py    197  0.00s             1           0  0.10s           2026-06-08T11:13:55
================================================================================
[2026-06-08T11:14:56.231+0000] {manager.py:879} INFO - 
================================================================================
DAG File Processing Stats

File Path                             PID  Runtime      # DAGs    # Errors  Last Runtime    Last Run
----------------------------------  -----  ---------  --------  ----------  --------------  -------------------
/opt/airflow/dags/taxi_pipeline.py    202  0.00s             1           0  0.09s           2026-06-08T11:14:25
================================================================================
[2026-06-08T11:15:26.489+0000] {manager.py:879} INFO - 
================================================================================
DAG File Processing Stats

File Path                             PID  Runtime      # DAGs    # Errors  Last Runtime    Last Run
----------------------------------  -----  ---------  --------  ----------  --------------  -------------------
/opt/airflow/dags/taxi_pipeline.py    207  0.00s             1           0  0.09s           2026-06-08T11:14:56
================================================================================
[2026-06-08T11:15:56.746+0000] {manager.py:879} INFO - 
================================================================================
DAG File Processing Stats

File Path                             PID  Runtime      # DAGs    # Errors  Last Runtime    Last Run
----------------------------------  -----  ---------  --------  ----------  --------------  -------------------
/opt/airflow/dags/taxi_pipeline.py    212  0.00s             1           0  0.10s           2026-06-08T11:15:26
================================================================================
[2026-06-08T11:16:27.016+0000] {manager.py:879} INFO - 
================================================================================
DAG File Processing Stats

File Path                             PID  Runtime      # DAGs    # Errors  Last Runtime    Last Run
----------------------------------  -----  ---------  --------  ----------  --------------  -------------------
/opt/airflow/dags/taxi_pipeline.py    217  0.00s             1           0  0.12s           2026-06-08T11:15:56
================================================================================
