[2026-06-08T11:25:05.294+0000] {taskinstance.py:1956} INFO - Dependencies all met for dep_context=non-requeueable deps ti=<TaskInstance: nyc_taxi_lakehouse_pipeline.bronze_ingestion scheduled__2026-06-07T00:00:00+00:00 [queued]>
[2026-06-08T11:25:05.300+0000] {taskinstance.py:1956} INFO - Dependencies all met for dep_context=requeueable deps ti=<TaskInstance: nyc_taxi_lakehouse_pipeline.bronze_ingestion scheduled__2026-06-07T00:00:00+00:00 [queued]>
[2026-06-08T11:25:05.300+0000] {taskinstance.py:2170} INFO - Starting attempt 1 of 2
[2026-06-08T11:25:05.308+0000] {taskinstance.py:2191} INFO - Executing <Task(BashOperator): bronze_ingestion> on 2026-06-07 00:00:00+00:00
[2026-06-08T11:25:05.312+0000] {standard_task_runner.py:60} INFO - Started process 323 to run task
[2026-06-08T11:25:05.314+0000] {standard_task_runner.py:87} INFO - Running: ['***', 'tasks', 'run', 'nyc_taxi_lakehouse_pipeline', 'bronze_ingestion', 'scheduled__2026-06-07T00:00:00+00:00', '--job-id', '4', '--raw', '--subdir', 'DAGS_FOLDER/taxi_pipeline.py', '--cfg-path', '/tmp/tmpvfn_ursu']
[2026-06-08T11:25:05.316+0000] {standard_task_runner.py:88} INFO - Job 4: Subtask bronze_ingestion
[2026-06-08T11:25:05.369+0000] {task_command.py:423} INFO - Running <TaskInstance: nyc_taxi_lakehouse_pipeline.bronze_ingestion scheduled__2026-06-07T00:00:00+00:00 [running]> on host 6b7f566bec19
[2026-06-08T11:25:05.422+0000] {taskinstance.py:2480} INFO - Exporting env vars: AIRFLOW_CTX_DAG_OWNER='data_engineer' AIRFLOW_CTX_DAG_ID='nyc_taxi_lakehouse_pipeline' AIRFLOW_CTX_TASK_ID='bronze_ingestion' AIRFLOW_CTX_EXECUTION_DATE='2026-06-07T00:00:00+00:00' AIRFLOW_CTX_TRY_NUMBER='1' AIRFLOW_CTX_DAG_RUN_ID='scheduled__2026-06-07T00:00:00+00:00'
[2026-06-08T11:25:05.423+0000] {subprocess.py:63} INFO - Tmp dir root location: /tmp
[2026-06-08T11:25:05.424+0000] {subprocess.py:75} INFO - Running command: ['/usr/bin/bash', '-c', 'cd /opt/*** && python src/pipeline/bronze_ingestion.py']
[2026-06-08T11:25:05.430+0000] {subprocess.py:86} INFO - Output:
[2026-06-08T11:25:05.664+0000] {subprocess.py:93} INFO - 2026-06-08 11:25:05,663  [INFO]  ============================================================
[2026-06-08T11:25:05.664+0000] {subprocess.py:93} INFO - 2026-06-08 11:25:05,664  [INFO]  NYC Taxi Lakehouse — Bronze Ingestion
[2026-06-08T11:25:05.665+0000] {subprocess.py:93} INFO - 2026-06-08 11:25:05,664  [INFO]  Batch ID  : batch_20260608_112505_c41f6d
[2026-06-08T11:25:05.665+0000] {subprocess.py:93} INFO - 2026-06-08 11:25:05,664  [INFO]  Write mode: overwrite
[2026-06-08T11:25:05.666+0000] {subprocess.py:93} INFO - 2026-06-08 11:25:05,665  [INFO]  ============================================================
[2026-06-08T11:25:05.970+0000] {subprocess.py:93} INFO - 2026-06-08 11:25:05,969  [INFO]  Initialising SparkSession with Delta Lake extensions ...
[2026-06-08T11:25:07.668+0000] {subprocess.py:93} INFO - :: loading settings :: url = jar:file:/home/***/.local/lib/python3.10/site-packages/pyspark/jars/ivy-2.5.1.jar!/org/apache/ivy/core/settings/ivysettings.xml
[2026-06-08T11:25:07.734+0000] {subprocess.py:93} INFO - Ivy Default Cache set to: /home/***/.ivy2/cache
[2026-06-08T11:25:07.735+0000] {subprocess.py:93} INFO - The jars for the packages stored in: /home/***/.ivy2/jars
[2026-06-08T11:25:07.737+0000] {subprocess.py:93} INFO - io.delta#delta-spark_2.12 added as a dependency
[2026-06-08T11:25:07.737+0000] {subprocess.py:93} INFO - org.apache.hadoop#hadoop-aws added as a dependency
[2026-06-08T11:25:07.738+0000] {subprocess.py:93} INFO - com.amazonaws#aws-java-sdk-bundle added as a dependency
[2026-06-08T11:25:07.738+0000] {subprocess.py:93} INFO - :: resolving dependencies :: org.apache.spark#spark-submit-parent-7fa1d555-314f-41d8-9ffc-3268f27c042a;1.0
[2026-06-08T11:25:07.738+0000] {subprocess.py:93} INFO - 	confs: [default]
[2026-06-08T11:25:10.530+0000] {subprocess.py:93} INFO - 	found io.delta#delta-spark_2.12;3.3.0 in central
[2026-06-08T11:25:10.763+0000] {subprocess.py:93} INFO - 	found io.delta#delta-storage;3.3.0 in central
[2026-06-08T11:25:13.424+0000] {subprocess.py:93} INFO - 	found org.antlr#antlr4-runtime;4.9.3 in central
[2026-06-08T11:25:14.854+0000] {subprocess.py:93} INFO - 	found org.apache.hadoop#hadoop-aws;3.3.4 in central
[2026-06-08T11:25:16.640+0000] {subprocess.py:93} INFO - 	found com.amazonaws#aws-java-sdk-bundle;1.12.262 in central
[2026-06-08T11:25:21.898+0000] {subprocess.py:93} INFO - downloading https://repo1.maven.org/maven2/io/delta/delta-spark_2.12/3.3.0/delta-spark_2.12-3.3.0.jar ...
[2026-06-08T11:25:51.283+0000] {subprocess.py:93} INFO - 	[SUCCESSFUL ] io.delta#delta-spark_2.12;3.3.0!delta-spark_2.12.jar (29674ms)
[2026-06-08T11:25:51.472+0000] {subprocess.py:93} INFO - downloading https://repo1.maven.org/maven2/com/amazonaws/aws-java-sdk-bundle/1.12.262/aws-java-sdk-bundle-1.12.262.jar ...
[2026-06-08T11:57:05.016+0000] {subprocess.py:93} INFO - downloading https://repo1.maven.org/maven2/io/delta/delta-storage/3.3.0/delta-storage-3.3.0.jar ...
[2026-06-08T11:57:05.129+0000] {subprocess.py:93} INFO - 	[SUCCESSFUL ] io.delta#delta-storage;3.3.0!delta-storage.jar (499ms)
[2026-06-08T11:57:05.209+0000] {subprocess.py:93} INFO - downloading https://repo1.maven.org/maven2/org/antlr/antlr4-runtime/4.9.3/antlr4-runtime-4.9.3.jar ...
[2026-06-08T11:57:05.714+0000] {subprocess.py:93} INFO - 	[SUCCESSFUL ] org.antlr#antlr4-runtime;4.9.3!antlr4-runtime.jar (582ms)
[2026-06-08T11:57:05.715+0000] {subprocess.py:93} INFO - :: resolution report :: resolve 13872ms :: artifacts dl 1904105ms
[2026-06-08T11:57:05.715+0000] {subprocess.py:93} INFO - 	:: modules in use:
[2026-06-08T11:57:05.717+0000] {subprocess.py:93} INFO - 	com.amazonaws#aws-java-sdk-bundle;1.12.262 from central in [default]
[2026-06-08T11:57:05.718+0000] {subprocess.py:93} INFO - 	io.delta#delta-spark_2.12;3.3.0 from central in [default]
[2026-06-08T11:57:05.719+0000] {subprocess.py:93} INFO - 	io.delta#delta-storage;3.3.0 from central in [default]
[2026-06-08T11:57:05.720+0000] {subprocess.py:93} INFO - 	org.antlr#antlr4-runtime;4.9.3 from central in [default]
[2026-06-08T11:57:05.723+0000] {subprocess.py:93} INFO - 	org.apache.hadoop#hadoop-aws;3.3.4 from central in [default]
[2026-06-08T11:57:05.724+0000] {subprocess.py:93} INFO - 	---------------------------------------------------------------------
[2026-06-08T11:57:05.726+0000] {subprocess.py:93} INFO - 	|                  |            modules            ||   artifacts   |
[2026-06-08T11:57:05.727+0000] {subprocess.py:93} INFO - 	|       conf       | number| search|dwnlded|evicted|| number|dwnlded|
[2026-06-08T11:57:05.728+0000] {subprocess.py:93} INFO - 	---------------------------------------------------------------------
[2026-06-08T11:57:05.728+0000] {subprocess.py:93} INFO - 	|      default     |   6   |   5   |   5   |   0   ||   5   |   3   |
[2026-06-08T11:57:05.729+0000] {subprocess.py:93} INFO - 	---------------------------------------------------------------------
[2026-06-08T11:57:05.729+0000] {subprocess.py:93} INFO - 
[2026-06-08T11:57:05.730+0000] {subprocess.py:93} INFO - :: problems summary ::
[2026-06-08T11:57:05.730+0000] {subprocess.py:93} INFO - :::: WARNINGS
[2026-06-08T11:57:05.731+0000] {subprocess.py:93} INFO - 	problem while downloading module descriptor: https://repo1.maven.org/maven2/org/jboss/jboss-parent/35/jboss-parent-35.pom: impossible to move part file to definitive one: /home/***/.ivy2/cache/org.jboss/jboss-parent/ivy-35.xml.original.part -> /home/***/.ivy2/cache/org.jboss/jboss-parent/ivy-35.xml.original (133ms)
[2026-06-08T11:57:05.732+0000] {subprocess.py:93} INFO - 
[2026-06-08T11:57:05.732+0000] {subprocess.py:93} INFO - 	io problem while parsing ivy file: https://repo1.maven.org/maven2/org/wildfly/openssl/wildfly-openssl-parent/1.0.7.Final/wildfly-openssl-parent-1.0.7.Final.pom (java.io.IOException: Impossible to load parent for file:/home/***/.ivy2/cache/org.wildfly.openssl/wildfly-openssl-parent/ivy-1.0.7.Final.xml.original. Parent=org.jboss#jboss-parent;35)
[2026-06-08T11:57:05.733+0000] {subprocess.py:93} INFO - 
[2026-06-08T11:57:05.733+0000] {subprocess.py:93} INFO - 	io problem while parsing ivy file: https://repo1.maven.org/maven2/org/wildfly/openssl/wildfly-openssl/1.0.7.Final/wildfly-openssl-1.0.7.Final.pom (java.io.IOException: Impossible to load parent for file:/home/***/.ivy2/cache/org.wildfly.openssl/wildfly-openssl/ivy-1.0.7.Final.xml.original. Parent=org.wildfly.openssl#wildfly-openssl-parent;1.0.7.Final)
[2026-06-08T11:57:05.733+0000] {subprocess.py:93} INFO - 
[2026-06-08T11:57:05.734+0000] {subprocess.py:93} INFO - 		module not found: org.wildfly.openssl#wildfly-openssl;1.0.7.Final
[2026-06-08T11:57:05.734+0000] {subprocess.py:93} INFO - 
[2026-06-08T11:57:05.735+0000] {subprocess.py:93} INFO - 	==== local-m2-cache: tried
[2026-06-08T11:57:05.735+0000] {subprocess.py:93} INFO - 
[2026-06-08T11:57:05.735+0000] {subprocess.py:93} INFO - 	  file:/home/***/.m2/repository/org/jboss/jboss-parent/35/jboss-parent-35.pom
[2026-06-08T11:57:05.736+0000] {subprocess.py:93} INFO - 
[2026-06-08T11:57:05.736+0000] {subprocess.py:93} INFO - 	  -- artifact org.jboss#jboss-parent;35!jboss-parent.jar:
[2026-06-08T11:57:05.736+0000] {subprocess.py:93} INFO - 
[2026-06-08T11:57:05.737+0000] {subprocess.py:93} INFO - 	  file:/home/***/.m2/repository/org/jboss/jboss-parent/35/jboss-parent-35.jar
[2026-06-08T11:57:05.737+0000] {subprocess.py:93} INFO - 
[2026-06-08T11:57:05.737+0000] {subprocess.py:93} INFO - 	==== local-ivy-cache: tried
[2026-06-08T11:57:05.738+0000] {subprocess.py:93} INFO - 
[2026-06-08T11:57:05.739+0000] {subprocess.py:93} INFO - 	  /home/***/.ivy2/local/org.jboss/jboss-parent/35/ivys/ivy.xml
[2026-06-08T11:57:05.739+0000] {subprocess.py:93} INFO - 
[2026-06-08T11:57:05.740+0000] {subprocess.py:93} INFO - 	  -- artifact org.jboss#jboss-parent;35!jboss-parent.jar:
[2026-06-08T11:57:05.740+0000] {subprocess.py:93} INFO - 
[2026-06-08T11:57:05.741+0000] {subprocess.py:93} INFO - 	  /home/***/.ivy2/local/org.jboss/jboss-parent/35/jars/jboss-parent.jar
[2026-06-08T11:57:05.741+0000] {subprocess.py:93} INFO - 
[2026-06-08T11:57:05.741+0000] {subprocess.py:93} INFO - 	==== central: tried
[2026-06-08T11:57:05.742+0000] {subprocess.py:93} INFO - 
[2026-06-08T11:57:05.742+0000] {subprocess.py:93} INFO - 	  https://repo1.maven.org/maven2/org/jboss/jboss-parent/35/jboss-parent-35.pom
[2026-06-08T11:57:05.743+0000] {subprocess.py:93} INFO - 
[2026-06-08T11:57:05.744+0000] {subprocess.py:93} INFO - 	==== spark-packages: tried
[2026-06-08T11:57:05.744+0000] {subprocess.py:93} INFO - 
[2026-06-08T11:57:05.745+0000] {subprocess.py:93} INFO - 	  https://repos.spark-packages.org/org/wildfly/openssl/wildfly-openssl/1.0.7.Final/wildfly-openssl-1.0.7.Final.pom
[2026-06-08T11:57:05.745+0000] {subprocess.py:93} INFO - 
[2026-06-08T11:57:05.746+0000] {subprocess.py:93} INFO - 	  -- artifact org.wildfly.openssl#wildfly-openssl;1.0.7.Final!wildfly-openssl.jar:
[2026-06-08T11:57:05.746+0000] {subprocess.py:93} INFO - 
[2026-06-08T11:57:05.747+0000] {subprocess.py:93} INFO - 	  https://repos.spark-packages.org/org/wildfly/openssl/wildfly-openssl/1.0.7.Final/wildfly-openssl-1.0.7.Final.jar
[2026-06-08T11:57:05.747+0000] {subprocess.py:93} INFO - 
[2026-06-08T11:57:05.748+0000] {subprocess.py:93} INFO - 		[FAILED     ] com.amazonaws#aws-java-sdk-bundle;1.12.262!aws-java-sdk-bundle.jar: Downloaded file size (187762048) doesn't match expected Content Length (280645251) for https://repo1.maven.org/maven2/com/amazonaws/aws-java-sdk-bundle/1.12.262/aws-java-sdk-bundle-1.12.262.jar. Please retry. (1873340ms)
[2026-06-08T11:57:05.748+0000] {subprocess.py:93} INFO - 
[2026-06-08T11:57:05.748+0000] {subprocess.py:93} INFO - 		[FAILED     ] com.amazonaws#aws-java-sdk-bundle;1.12.262!aws-java-sdk-bundle.jar: Downloaded file size (187762048) doesn't match expected Content Length (280645251) for https://repo1.maven.org/maven2/com/amazonaws/aws-java-sdk-bundle/1.12.262/aws-java-sdk-bundle-1.12.262.jar. Please retry. (1873340ms)
[2026-06-08T11:57:05.749+0000] {subprocess.py:93} INFO - 
[2026-06-08T11:57:05.749+0000] {subprocess.py:93} INFO - 	==== central: tried
[2026-06-08T11:57:05.750+0000] {subprocess.py:93} INFO - 
[2026-06-08T11:57:05.750+0000] {subprocess.py:93} INFO - 	  https://repo1.maven.org/maven2/com/amazonaws/aws-java-sdk-bundle/1.12.262/aws-java-sdk-bundle-1.12.262.jar
[2026-06-08T11:57:05.751+0000] {subprocess.py:93} INFO - 
[2026-06-08T11:57:05.751+0000] {subprocess.py:93} INFO - 		::::::::::::::::::::::::::::::::::::::::::::::
[2026-06-08T11:57:05.752+0000] {subprocess.py:93} INFO - 
[2026-06-08T11:57:05.752+0000] {subprocess.py:93} INFO - 		::          UNRESOLVED DEPENDENCIES         ::
[2026-06-08T11:57:05.752+0000] {subprocess.py:93} INFO - 
[2026-06-08T11:57:05.753+0000] {subprocess.py:93} INFO - 		::::::::::::::::::::::::::::::::::::::::::::::
[2026-06-08T11:57:05.753+0000] {subprocess.py:93} INFO - 
[2026-06-08T11:57:05.753+0000] {subprocess.py:93} INFO - 		:: org.wildfly.openssl#wildfly-openssl;1.0.7.Final: not found
[2026-06-08T11:57:05.754+0000] {subprocess.py:93} INFO - 
[2026-06-08T11:57:05.754+0000] {subprocess.py:93} INFO - 		::::::::::::::::::::::::::::::::::::::::::::::
[2026-06-08T11:57:05.755+0000] {subprocess.py:93} INFO - 
[2026-06-08T11:57:05.756+0000] {subprocess.py:93} INFO - 
[2026-06-08T11:57:05.756+0000] {subprocess.py:93} INFO - 		::::::::::::::::::::::::::::::::::::::::::::::
[2026-06-08T11:57:05.757+0000] {subprocess.py:93} INFO - 
[2026-06-08T11:57:05.757+0000] {subprocess.py:93} INFO - 		::              FAILED DOWNLOADS            ::
[2026-06-08T11:57:05.757+0000] {subprocess.py:93} INFO - 
[2026-06-08T11:57:05.757+0000] {subprocess.py:93} INFO - 		:: ^ see resolution messages for details  ^ ::
[2026-06-08T11:57:05.758+0000] {subprocess.py:93} INFO - 
[2026-06-08T11:57:05.758+0000] {subprocess.py:93} INFO - 		::::::::::::::::::::::::::::::::::::::::::::::
[2026-06-08T11:57:05.758+0000] {subprocess.py:93} INFO - 
[2026-06-08T11:57:05.758+0000] {subprocess.py:93} INFO - 		:: com.amazonaws#aws-java-sdk-bundle;1.12.262!aws-java-sdk-bundle.jar
[2026-06-08T11:57:05.759+0000] {subprocess.py:93} INFO - 
[2026-06-08T11:57:05.759+0000] {subprocess.py:93} INFO - 		::::::::::::::::::::::::::::::::::::::::::::::
[2026-06-08T11:57:05.759+0000] {subprocess.py:93} INFO - 
[2026-06-08T11:57:05.760+0000] {subprocess.py:93} INFO - 
[2026-06-08T11:57:05.760+0000] {subprocess.py:93} INFO - 
[2026-06-08T11:57:05.760+0000] {subprocess.py:93} INFO - :: USE VERBOSE OR DEBUG MESSAGE LEVEL FOR MORE DETAILS
[2026-06-08T11:57:05.761+0000] {subprocess.py:93} INFO - Exception in thread "main" java.lang.RuntimeException: [unresolved dependency: org.wildfly.openssl#wildfly-openssl;1.0.7.Final: not found, download failed: com.amazonaws#aws-java-sdk-bundle;1.12.262!aws-java-sdk-bundle.jar]
[2026-06-08T11:57:05.761+0000] {subprocess.py:93} INFO - 	at org.apache.spark.deploy.SparkSubmitUtils$.resolveMavenCoordinates(SparkSubmit.scala:1613)
[2026-06-08T11:57:05.761+0000] {subprocess.py:93} INFO - 	at org.apache.spark.util.DependencyUtils$.resolveMavenDependencies(DependencyUtils.scala:185)
[2026-06-08T11:57:05.762+0000] {subprocess.py:93} INFO - 	at org.apache.spark.deploy.SparkSubmit.prepareSubmitEnvironment(SparkSubmit.scala:339)
[2026-06-08T11:57:05.762+0000] {subprocess.py:93} INFO - 	at org.apache.spark.deploy.SparkSubmit.org$apache$spark$deploy$SparkSubmit$$runMain(SparkSubmit.scala:969)
[2026-06-08T11:57:05.762+0000] {subprocess.py:93} INFO - 	at org.apache.spark.deploy.SparkSubmit.doRunMain$1(SparkSubmit.scala:199)
[2026-06-08T11:57:05.762+0000] {subprocess.py:93} INFO - 	at org.apache.spark.deploy.SparkSubmit.submit(SparkSubmit.scala:222)
[2026-06-08T11:57:05.763+0000] {subprocess.py:93} INFO - 	at org.apache.spark.deploy.SparkSubmit.doSubmit(SparkSubmit.scala:91)
[2026-06-08T11:57:05.763+0000] {subprocess.py:93} INFO - 	at org.apache.spark.deploy.SparkSubmit$$anon$2.doSubmit(SparkSubmit.scala:1125)
[2026-06-08T11:57:05.763+0000] {subprocess.py:93} INFO - 	at org.apache.spark.deploy.SparkSubmit$.main(SparkSubmit.scala:1134)
[2026-06-08T11:57:05.764+0000] {subprocess.py:93} INFO - 	at org.apache.spark.deploy.SparkSubmit.main(SparkSubmit.scala)
[2026-06-08T11:57:05.783+0000] {subprocess.py:93} INFO - Traceback (most recent call last):
[2026-06-08T11:57:05.784+0000] {subprocess.py:93} INFO -   File "/opt/***/src/pipeline/bronze_ingestion.py", line 267, in <module>
[2026-06-08T11:57:05.797+0000] {subprocess.py:93} INFO -   File "/opt/***/src/pipeline/bronze_ingestion.py", line 234, in run_bronze_ingestion
[2026-06-08T11:57:05.810+0000] {subprocess.py:93} INFO -   File "/opt/***/src/pipeline/bronze_ingestion.py", line 109, in create_spark_session
[2026-06-08T11:57:05.816+0000] {subprocess.py:93} INFO -     # This lets us query "show me everything from run X" for debugging.
[2026-06-08T11:57:05.817+0000] {subprocess.py:93} INFO -   File "/home/***/.local/lib/python3.10/site-packages/pyspark/sql/session.py", line 497, in getOrCreate
[2026-06-08T11:57:05.817+0000] {subprocess.py:93} INFO -     sc = SparkContext.getOrCreate(sparkConf)
[2026-06-08T11:57:05.818+0000] {subprocess.py:93} INFO -   File "/home/***/.local/lib/python3.10/site-packages/pyspark/context.py", line 515, in getOrCreate
[2026-06-08T11:57:05.818+0000] {subprocess.py:93} INFO -     SparkContext(conf=conf or SparkConf())
[2026-06-08T11:57:05.819+0000] {subprocess.py:93} INFO -   File "/home/***/.local/lib/python3.10/site-packages/pyspark/context.py", line 201, in __init__
[2026-06-08T11:57:05.820+0000] {subprocess.py:93} INFO -     SparkContext._ensure_initialized(self, gateway=gateway, conf=conf)
[2026-06-08T11:57:05.820+0000] {subprocess.py:93} INFO -   File "/home/***/.local/lib/python3.10/site-packages/pyspark/context.py", line 436, in _ensure_initialized
[2026-06-08T11:57:05.821+0000] {subprocess.py:93} INFO -     SparkContext._gateway = gateway or launch_gateway(conf)
[2026-06-08T11:57:05.822+0000] {subprocess.py:93} INFO -   File "/home/***/.local/lib/python3.10/site-packages/pyspark/java_gateway.py", line 107, in launch_gateway
[2026-06-08T11:57:05.823+0000] {subprocess.py:93} INFO -     raise PySparkRuntimeError(
[2026-06-08T11:57:05.823+0000] {subprocess.py:93} INFO - pyspark.errors.exceptions.base.PySparkRuntimeError: [JAVA_GATEWAY_EXITED] Java gateway process exited before sending its port number.
[2026-06-08T11:57:05.940+0000] {subprocess.py:97} INFO - Command exited with return code 1
[2026-06-08T11:57:05.980+0000] {taskinstance.py:2698} ERROR - Task failed with exception
Traceback (most recent call last):
  File "/home/airflow/.local/lib/python3.10/site-packages/airflow/models/taskinstance.py", line 433, in _execute_task
    result = execute_callable(context=context, **execute_callable_kwargs)
  File "/home/airflow/.local/lib/python3.10/site-packages/airflow/operators/bash.py", line 212, in execute
    raise AirflowException(
airflow.exceptions.AirflowException: Bash command failed. The command returned a non-zero exit code 1.
[2026-06-08T11:57:05.986+0000] {taskinstance.py:1138} INFO - Marking task as UP_FOR_RETRY. dag_id=nyc_taxi_lakehouse_pipeline, task_id=bronze_ingestion, execution_date=20260607T000000, start_date=20260608T112505, end_date=20260608T115705
[2026-06-08T11:57:06.008+0000] {standard_task_runner.py:107} ERROR - Failed to execute job 4 for task bronze_ingestion (Bash command failed. The command returned a non-zero exit code 1.; 323)
[2026-06-08T11:57:06.055+0000] {local_task_job_runner.py:234} INFO - Task exited with return code 1
[2026-06-08T11:57:06.089+0000] {taskinstance.py:3280} INFO - 0 downstream tasks scheduled from follow-on schedule check
