[2026-06-08T12:02:07.052+0000] {taskinstance.py:1956} INFO - Dependencies all met for dep_context=non-requeueable deps ti=<TaskInstance: nyc_taxi_lakehouse_pipeline.bronze_ingestion scheduled__2026-06-07T00:00:00+00:00 [queued]>
[2026-06-08T12:02:07.058+0000] {taskinstance.py:1956} INFO - Dependencies all met for dep_context=requeueable deps ti=<TaskInstance: nyc_taxi_lakehouse_pipeline.bronze_ingestion scheduled__2026-06-07T00:00:00+00:00 [queued]>
[2026-06-08T12:02:07.058+0000] {taskinstance.py:2170} INFO - Starting attempt 2 of 2
[2026-06-08T12:02:07.070+0000] {taskinstance.py:2191} INFO - Executing <Task(BashOperator): bronze_ingestion> on 2026-06-07 00:00:00+00:00
[2026-06-08T12:02:07.078+0000] {standard_task_runner.py:60} INFO - Started process 971 to run task
[2026-06-08T12:02:07.081+0000] {standard_task_runner.py:87} INFO - Running: ['***', 'tasks', 'run', 'nyc_taxi_lakehouse_pipeline', 'bronze_ingestion', 'scheduled__2026-06-07T00:00:00+00:00', '--job-id', '7', '--raw', '--subdir', 'DAGS_FOLDER/taxi_pipeline.py', '--cfg-path', '/tmp/tmp12nxabhq']
[2026-06-08T12:02:07.085+0000] {standard_task_runner.py:88} INFO - Job 7: Subtask bronze_ingestion
[2026-06-08T12:02:07.151+0000] {task_command.py:423} INFO - Running <TaskInstance: nyc_taxi_lakehouse_pipeline.bronze_ingestion scheduled__2026-06-07T00:00:00+00:00 [running]> on host 6b7f566bec19
[2026-06-08T12:02:07.204+0000] {taskinstance.py:2480} INFO - Exporting env vars: AIRFLOW_CTX_DAG_OWNER='data_engineer' AIRFLOW_CTX_DAG_ID='nyc_taxi_lakehouse_pipeline' AIRFLOW_CTX_TASK_ID='bronze_ingestion' AIRFLOW_CTX_EXECUTION_DATE='2026-06-07T00:00:00+00:00' AIRFLOW_CTX_TRY_NUMBER='2' AIRFLOW_CTX_DAG_RUN_ID='scheduled__2026-06-07T00:00:00+00:00'
[2026-06-08T12:02:07.205+0000] {subprocess.py:63} INFO - Tmp dir root location: /tmp
[2026-06-08T12:02:07.206+0000] {subprocess.py:75} INFO - Running command: ['/usr/bin/bash', '-c', 'cd /opt/*** && python src/pipeline/bronze_ingestion.py']
[2026-06-08T12:02:07.213+0000] {subprocess.py:86} INFO - Output:
[2026-06-08T12:02:07.272+0000] {subprocess.py:93} INFO - 2026-06-08 12:02:07,271  [INFO]  ============================================================
[2026-06-08T12:02:07.272+0000] {subprocess.py:93} INFO - 2026-06-08 12:02:07,271  [INFO]  NYC Taxi Lakehouse — Bronze Ingestion
[2026-06-08T12:02:07.272+0000] {subprocess.py:93} INFO - 2026-06-08 12:02:07,272  [INFO]  Batch ID  : batch_20260608_120207_89a027
[2026-06-08T12:02:07.273+0000] {subprocess.py:93} INFO - 2026-06-08 12:02:07,272  [INFO]  Write mode: overwrite
[2026-06-08T12:02:07.273+0000] {subprocess.py:93} INFO - 2026-06-08 12:02:07,272  [INFO]  ============================================================
[2026-06-08T12:02:07.582+0000] {subprocess.py:93} INFO - 2026-06-08 12:02:07,582  [INFO]  Initialising SparkSession [NYC_Taxi_Bronze_Ingestion]  |  MinIO=http://127.0.0.1:9000
[2026-06-08T12:02:07.583+0000] {subprocess.py:93} INFO - 2026-06-08 12:02:07,582  [INFO]  Pre-baked JARs not found — using Ivy resolution (first run may be slow)
[2026-06-08T12:02:08.664+0000] {subprocess.py:93} INFO - :: loading settings :: url = jar:file:/home/***/.local/lib/python3.10/site-packages/pyspark/jars/ivy-2.5.1.jar!/org/apache/ivy/core/settings/ivysettings.xml
[2026-06-08T12:02:08.713+0000] {subprocess.py:93} INFO - Ivy Default Cache set to: /home/***/.ivy2/cache
[2026-06-08T12:02:08.713+0000] {subprocess.py:93} INFO - The jars for the packages stored in: /home/***/.ivy2/jars
[2026-06-08T12:02:08.716+0000] {subprocess.py:93} INFO - io.delta#delta-spark_2.12 added as a dependency
[2026-06-08T12:02:08.716+0000] {subprocess.py:93} INFO - org.apache.hadoop#hadoop-aws added as a dependency
[2026-06-08T12:02:08.717+0000] {subprocess.py:93} INFO - com.amazonaws#aws-java-sdk-bundle added as a dependency
[2026-06-08T12:02:08.717+0000] {subprocess.py:93} INFO - org.postgresql#postgresql added as a dependency
[2026-06-08T12:02:08.717+0000] {subprocess.py:93} INFO - :: resolving dependencies :: org.apache.spark#spark-submit-parent-29a33374-9750-4ab0-86f8-55b28d6c824f;1.0
[2026-06-08T12:02:08.718+0000] {subprocess.py:93} INFO - 	confs: [default]
[2026-06-08T12:02:08.798+0000] {subprocess.py:93} INFO - 	found io.delta#delta-spark_2.12;3.3.0 in central
[2026-06-08T12:02:08.824+0000] {subprocess.py:93} INFO - 	found io.delta#delta-storage;3.3.0 in central
[2026-06-08T12:02:08.840+0000] {subprocess.py:93} INFO - 	found org.antlr#antlr4-runtime;4.9.3 in central
[2026-06-08T12:02:08.884+0000] {subprocess.py:93} INFO - 	found org.apache.hadoop#hadoop-aws;3.3.4 in central
[2026-06-08T12:02:08.903+0000] {subprocess.py:93} INFO - 	found com.amazonaws#aws-java-sdk-bundle;1.12.262 in central
[2026-06-08T12:02:08.925+0000] {subprocess.py:93} INFO - 	found org.wildfly.openssl#wildfly-openssl;1.0.7.Final in central
[2026-06-08T12:02:10.951+0000] {subprocess.py:93} INFO - 	found org.postgresql#postgresql;42.6.0 in central
[2026-06-08T12:02:11.651+0000] {subprocess.py:93} INFO - 	found org.checkerframework#checker-qual;3.31.0 in central
[2026-06-08T12:02:12.132+0000] {subprocess.py:93} INFO - downloading https://repo1.maven.org/maven2/com/amazonaws/aws-java-sdk-bundle/1.12.262/aws-java-sdk-bundle-1.12.262.jar ...
[2026-06-08T12:17:29.180+0000] {subprocess.py:93} INFO - downloading https://repo1.maven.org/maven2/org/postgresql/postgresql/42.6.0/postgresql-42.6.0.jar ...
[2026-06-08T12:17:29.833+0000] {subprocess.py:93} INFO - 	[SUCCESSFUL ] org.postgresql#postgresql;42.6.0!postgresql.jar (709ms)
[2026-06-08T12:17:30.009+0000] {subprocess.py:93} INFO - downloading https://repo1.maven.org/maven2/org/checkerframework/checker-qual/3.31.0/checker-qual-3.31.0.jar ...
[2026-06-08T12:17:30.211+0000] {subprocess.py:93} INFO - 	[SUCCESSFUL ] org.checkerframework#checker-qual;3.31.0!checker-qual.jar (373ms)
[2026-06-08T12:17:30.217+0000] {subprocess.py:93} INFO - :: resolution report :: resolve 2946ms :: artifacts dl 918548ms
[2026-06-08T12:17:30.219+0000] {subprocess.py:93} INFO - 	:: modules in use:
[2026-06-08T12:17:30.220+0000] {subprocess.py:93} INFO - 	com.amazonaws#aws-java-sdk-bundle;1.12.262 from central in [default]
[2026-06-08T12:17:30.220+0000] {subprocess.py:93} INFO - 	io.delta#delta-spark_2.12;3.3.0 from central in [default]
[2026-06-08T12:17:30.220+0000] {subprocess.py:93} INFO - 	io.delta#delta-storage;3.3.0 from central in [default]
[2026-06-08T12:17:30.221+0000] {subprocess.py:93} INFO - 	org.antlr#antlr4-runtime;4.9.3 from central in [default]
[2026-06-08T12:17:30.221+0000] {subprocess.py:93} INFO - 	org.apache.hadoop#hadoop-aws;3.3.4 from central in [default]
[2026-06-08T12:17:30.221+0000] {subprocess.py:93} INFO - 	org.checkerframework#checker-qual;3.31.0 from central in [default]
[2026-06-08T12:17:30.221+0000] {subprocess.py:93} INFO - 	org.postgresql#postgresql;42.6.0 from central in [default]
[2026-06-08T12:17:30.222+0000] {subprocess.py:93} INFO - 	org.wildfly.openssl#wildfly-openssl;1.0.7.Final from central in [default]
[2026-06-08T12:17:30.222+0000] {subprocess.py:93} INFO - 	---------------------------------------------------------------------
[2026-06-08T12:17:30.222+0000] {subprocess.py:93} INFO - 	|                  |            modules            ||   artifacts   |
[2026-06-08T12:17:30.222+0000] {subprocess.py:93} INFO - 	|       conf       | number| search|dwnlded|evicted|| number|dwnlded|
[2026-06-08T12:17:30.223+0000] {subprocess.py:93} INFO - 	---------------------------------------------------------------------
[2026-06-08T12:17:30.223+0000] {subprocess.py:93} INFO - 	|      default     |   8   |   2   |   2   |   0   ||   8   |   2   |
[2026-06-08T12:17:30.223+0000] {subprocess.py:93} INFO - 	---------------------------------------------------------------------
[2026-06-08T12:17:30.224+0000] {subprocess.py:93} INFO - 
[2026-06-08T12:17:30.224+0000] {subprocess.py:93} INFO - :: problems summary ::
[2026-06-08T12:17:30.224+0000] {subprocess.py:93} INFO - :::: WARNINGS
[2026-06-08T12:17:30.224+0000] {subprocess.py:93} INFO - 		[FAILED     ] com.amazonaws#aws-java-sdk-bundle;1.12.262!aws-java-sdk-bundle.jar: Downloaded file size (0) doesn't match expected Content Length (280645251) for https://repo1.maven.org/maven2/com/amazonaws/aws-java-sdk-bundle/1.12.262/aws-java-sdk-bundle-1.12.262.jar. Please retry. (917451ms)
[2026-06-08T12:17:30.225+0000] {subprocess.py:93} INFO - 
[2026-06-08T12:17:30.228+0000] {subprocess.py:93} INFO - 		[FAILED     ] com.amazonaws#aws-java-sdk-bundle;1.12.262!aws-java-sdk-bundle.jar: Downloaded file size (0) doesn't match expected Content Length (280645251) for https://repo1.maven.org/maven2/com/amazonaws/aws-java-sdk-bundle/1.12.262/aws-java-sdk-bundle-1.12.262.jar. Please retry. (917451ms)
[2026-06-08T12:17:30.228+0000] {subprocess.py:93} INFO - 
[2026-06-08T12:17:30.228+0000] {subprocess.py:93} INFO - 	==== central: tried
[2026-06-08T12:17:30.228+0000] {subprocess.py:93} INFO - 
[2026-06-08T12:17:30.228+0000] {subprocess.py:93} INFO - 	  https://repo1.maven.org/maven2/com/amazonaws/aws-java-sdk-bundle/1.12.262/aws-java-sdk-bundle-1.12.262.jar
[2026-06-08T12:17:30.229+0000] {subprocess.py:93} INFO - 
[2026-06-08T12:17:30.229+0000] {subprocess.py:93} INFO - 		::::::::::::::::::::::::::::::::::::::::::::::
[2026-06-08T12:17:30.229+0000] {subprocess.py:93} INFO - 
[2026-06-08T12:17:30.229+0000] {subprocess.py:93} INFO - 		::              FAILED DOWNLOADS            ::
[2026-06-08T12:17:30.229+0000] {subprocess.py:93} INFO - 
[2026-06-08T12:17:30.230+0000] {subprocess.py:93} INFO - 		:: ^ see resolution messages for details  ^ ::
[2026-06-08T12:17:30.231+0000] {subprocess.py:93} INFO - 
[2026-06-08T12:17:30.231+0000] {subprocess.py:93} INFO - 		::::::::::::::::::::::::::::::::::::::::::::::
[2026-06-08T12:17:30.231+0000] {subprocess.py:93} INFO - 
[2026-06-08T12:17:30.231+0000] {subprocess.py:93} INFO - 		:: com.amazonaws#aws-java-sdk-bundle;1.12.262!aws-java-sdk-bundle.jar
[2026-06-08T12:17:30.231+0000] {subprocess.py:93} INFO - 
[2026-06-08T12:17:30.232+0000] {subprocess.py:93} INFO - 		::::::::::::::::::::::::::::::::::::::::::::::
[2026-06-08T12:17:30.232+0000] {subprocess.py:93} INFO - 
[2026-06-08T12:17:30.232+0000] {subprocess.py:93} INFO - 
[2026-06-08T12:17:30.233+0000] {subprocess.py:93} INFO - 
[2026-06-08T12:17:30.233+0000] {subprocess.py:93} INFO - :: USE VERBOSE OR DEBUG MESSAGE LEVEL FOR MORE DETAILS
[2026-06-08T12:17:30.233+0000] {subprocess.py:93} INFO - Exception in thread "main" java.lang.RuntimeException: [download failed: com.amazonaws#aws-java-sdk-bundle;1.12.262!aws-java-sdk-bundle.jar]
[2026-06-08T12:17:30.233+0000] {subprocess.py:93} INFO - 	at org.apache.spark.deploy.SparkSubmitUtils$.resolveMavenCoordinates(SparkSubmit.scala:1613)
[2026-06-08T12:17:30.233+0000] {subprocess.py:93} INFO - 	at org.apache.spark.util.DependencyUtils$.resolveMavenDependencies(DependencyUtils.scala:185)
[2026-06-08T12:17:30.234+0000] {subprocess.py:93} INFO - 	at org.apache.spark.deploy.SparkSubmit.prepareSubmitEnvironment(SparkSubmit.scala:339)
[2026-06-08T12:17:30.234+0000] {subprocess.py:93} INFO - 	at org.apache.spark.deploy.SparkSubmit.org$apache$spark$deploy$SparkSubmit$$runMain(SparkSubmit.scala:969)
[2026-06-08T12:17:30.234+0000] {subprocess.py:93} INFO - 	at org.apache.spark.deploy.SparkSubmit.doRunMain$1(SparkSubmit.scala:199)
[2026-06-08T12:17:30.234+0000] {subprocess.py:93} INFO - 	at org.apache.spark.deploy.SparkSubmit.submit(SparkSubmit.scala:222)
[2026-06-08T12:17:30.235+0000] {subprocess.py:93} INFO - 	at org.apache.spark.deploy.SparkSubmit.doSubmit(SparkSubmit.scala:91)
[2026-06-08T12:17:30.235+0000] {subprocess.py:93} INFO - 	at org.apache.spark.deploy.SparkSubmit$$anon$2.doSubmit(SparkSubmit.scala:1125)
[2026-06-08T12:17:30.235+0000] {subprocess.py:93} INFO - 	at org.apache.spark.deploy.SparkSubmit$.main(SparkSubmit.scala:1134)
[2026-06-08T12:17:30.235+0000] {subprocess.py:93} INFO - 	at org.apache.spark.deploy.SparkSubmit.main(SparkSubmit.scala)
[2026-06-08T12:17:30.260+0000] {subprocess.py:93} INFO - Traceback (most recent call last):
[2026-06-08T12:17:30.261+0000] {subprocess.py:93} INFO -   File "/opt/***/src/pipeline/bronze_ingestion.py", line 221, in <module>
[2026-06-08T12:17:30.264+0000] {subprocess.py:93} INFO -     run_bronze_ingestion()
[2026-06-08T12:17:30.265+0000] {subprocess.py:93} INFO -   File "/opt/***/src/pipeline/bronze_ingestion.py", line 188, in run_bronze_ingestion
[2026-06-08T12:17:30.267+0000] {subprocess.py:93} INFO -     spark = create_spark_session()
[2026-06-08T12:17:30.268+0000] {subprocess.py:93} INFO -   File "/opt/***/src/pipeline/bronze_ingestion.py", line 67, in create_spark_session
[2026-06-08T12:17:30.269+0000] {subprocess.py:93} INFO -     return _create("NYC_Taxi_Bronze_Ingestion")
[2026-06-08T12:17:30.270+0000] {subprocess.py:93} INFO -   File "/opt/***/src/utils/spark_utils.py", line 95, in create_spark_session
[2026-06-08T12:17:30.271+0000] {subprocess.py:93} INFO -     ).getOrCreate()
[2026-06-08T12:17:30.272+0000] {subprocess.py:93} INFO -   File "/home/***/.local/lib/python3.10/site-packages/pyspark/sql/session.py", line 497, in getOrCreate
[2026-06-08T12:17:30.272+0000] {subprocess.py:93} INFO -     sc = SparkContext.getOrCreate(sparkConf)
[2026-06-08T12:17:30.272+0000] {subprocess.py:93} INFO -   File "/home/***/.local/lib/python3.10/site-packages/pyspark/context.py", line 515, in getOrCreate
[2026-06-08T12:17:30.273+0000] {subprocess.py:93} INFO -     SparkContext(conf=conf or SparkConf())
[2026-06-08T12:17:30.273+0000] {subprocess.py:93} INFO -   File "/home/***/.local/lib/python3.10/site-packages/pyspark/context.py", line 201, in __init__
[2026-06-08T12:17:30.274+0000] {subprocess.py:93} INFO -     SparkContext._ensure_initialized(self, gateway=gateway, conf=conf)
[2026-06-08T12:17:30.274+0000] {subprocess.py:93} INFO -   File "/home/***/.local/lib/python3.10/site-packages/pyspark/context.py", line 436, in _ensure_initialized
[2026-06-08T12:17:30.274+0000] {subprocess.py:93} INFO -     SparkContext._gateway = gateway or launch_gateway(conf)
[2026-06-08T12:17:30.274+0000] {subprocess.py:93} INFO -   File "/home/***/.local/lib/python3.10/site-packages/pyspark/java_gateway.py", line 107, in launch_gateway
[2026-06-08T12:17:30.275+0000] {subprocess.py:93} INFO -     raise PySparkRuntimeError(
[2026-06-08T12:17:30.275+0000] {subprocess.py:93} INFO - pyspark.errors.exceptions.base.PySparkRuntimeError: [JAVA_GATEWAY_EXITED] Java gateway process exited before sending its port number.
[2026-06-08T12:17:30.300+0000] {subprocess.py:97} INFO - Command exited with return code 1
[2026-06-08T12:17:30.311+0000] {taskinstance.py:2698} ERROR - Task failed with exception
Traceback (most recent call last):
  File "/home/airflow/.local/lib/python3.10/site-packages/airflow/models/taskinstance.py", line 433, in _execute_task
    result = execute_callable(context=context, **execute_callable_kwargs)
  File "/home/airflow/.local/lib/python3.10/site-packages/airflow/operators/bash.py", line 212, in execute
    raise AirflowException(
airflow.exceptions.AirflowException: Bash command failed. The command returned a non-zero exit code 1.
[2026-06-08T12:17:30.314+0000] {taskinstance.py:1138} INFO - Marking task as FAILED. dag_id=nyc_taxi_lakehouse_pipeline, task_id=bronze_ingestion, execution_date=20260607T000000, start_date=20260608T120207, end_date=20260608T121730
[2026-06-08T12:17:30.324+0000] {standard_task_runner.py:107} ERROR - Failed to execute job 7 for task bronze_ingestion (Bash command failed. The command returned a non-zero exit code 1.; 971)
[2026-06-08T12:17:30.358+0000] {local_task_job_runner.py:234} INFO - Task exited with return code 1
[2026-06-08T12:17:30.377+0000] {taskinstance.py:3280} INFO - 0 downstream tasks scheduled from follow-on schedule check
