[2026-06-08T11:25:04.268+0000] {taskinstance.py:1956} INFO - Dependencies all met for dep_context=non-requeueable deps ti=<TaskInstance: nyc_taxi_lakehouse_pipeline.download_raw_data scheduled__2026-06-07T00:00:00+00:00 [queued]>
[2026-06-08T11:25:04.273+0000] {taskinstance.py:1956} INFO - Dependencies all met for dep_context=requeueable deps ti=<TaskInstance: nyc_taxi_lakehouse_pipeline.download_raw_data scheduled__2026-06-07T00:00:00+00:00 [queued]>
[2026-06-08T11:25:04.274+0000] {taskinstance.py:2170} INFO - Starting attempt 1 of 2
[2026-06-08T11:25:04.283+0000] {taskinstance.py:2191} INFO - Executing <Task(BashOperator): download_raw_data> on 2026-06-07 00:00:00+00:00
[2026-06-08T11:25:04.286+0000] {standard_task_runner.py:60} INFO - Started process 320 to run task
[2026-06-08T11:25:04.289+0000] {standard_task_runner.py:87} INFO - Running: ['***', 'tasks', 'run', 'nyc_taxi_lakehouse_pipeline', 'download_raw_data', 'scheduled__2026-06-07T00:00:00+00:00', '--job-id', '3', '--raw', '--subdir', 'DAGS_FOLDER/taxi_pipeline.py', '--cfg-path', '/tmp/tmpdkpw34ms']
[2026-06-08T11:25:04.291+0000] {standard_task_runner.py:88} INFO - Job 3: Subtask download_raw_data
[2026-06-08T11:25:04.352+0000] {task_command.py:423} INFO - Running <TaskInstance: nyc_taxi_lakehouse_pipeline.download_raw_data scheduled__2026-06-07T00:00:00+00:00 [running]> on host 6b7f566bec19
[2026-06-08T11:25:04.414+0000] {taskinstance.py:2480} INFO - Exporting env vars: AIRFLOW_CTX_DAG_OWNER='data_engineer' AIRFLOW_CTX_DAG_ID='nyc_taxi_lakehouse_pipeline' AIRFLOW_CTX_TASK_ID='download_raw_data' AIRFLOW_CTX_EXECUTION_DATE='2026-06-07T00:00:00+00:00' AIRFLOW_CTX_TRY_NUMBER='1' AIRFLOW_CTX_DAG_RUN_ID='scheduled__2026-06-07T00:00:00+00:00'
[2026-06-08T11:25:04.416+0000] {subprocess.py:63} INFO - Tmp dir root location: /tmp
[2026-06-08T11:25:04.417+0000] {subprocess.py:75} INFO - Running command: ['/usr/bin/bash', '-c', 'cd /opt/*** && python src/ingestion/download_data.py']
[2026-06-08T11:25:04.424+0000] {subprocess.py:86} INFO - Output:
[2026-06-08T11:25:04.660+0000] {subprocess.py:93} INFO - 2026-06-08 11:25:04,659  [INFO]  ============================================================
[2026-06-08T11:25:04.660+0000] {subprocess.py:93} INFO - 2026-06-08 11:25:04,660  [INFO]  NYC Taxi Lakehouse — Data Ingestion
[2026-06-08T11:25:04.661+0000] {subprocess.py:93} INFO - 2026-06-08 11:25:04,660  [INFO]  Files to download : 4
[2026-06-08T11:25:04.661+0000] {subprocess.py:93} INFO - 2026-06-08 11:25:04,660  [INFO]  Log file          : /opt/***/logs/ingestion.log
[2026-06-08T11:25:04.662+0000] {subprocess.py:93} INFO - 2026-06-08 11:25:04,661  [INFO]  ============================================================
[2026-06-08T11:25:04.665+0000] {subprocess.py:93} INFO - 
[2026-06-08T11:25:04.665+0000] {subprocess.py:93} INFO -   Downloading: yellow_tripdata_2024-01.parquet
[2026-06-08T11:25:04.666+0000] {subprocess.py:93} INFO - 2026-06-08 11:25:04,665  [INFO]  SKIP  yellow_tripdata_2024-01.parquet already exists (50.0 MB)
[2026-06-08T11:25:04.667+0000] {subprocess.py:93} INFO - 
[2026-06-08T11:25:04.667+0000] {subprocess.py:93} INFO -   Downloading: yellow_tripdata_2024-02.parquet
[2026-06-08T11:25:04.667+0000] {subprocess.py:93} INFO - 2026-06-08 11:25:04,667  [INFO]  SKIP  yellow_tripdata_2024-02.parquet already exists (50.3 MB)
[2026-06-08T11:25:04.669+0000] {subprocess.py:93} INFO - 
[2026-06-08T11:25:04.669+0000] {subprocess.py:93} INFO -   Downloading: yellow_tripdata_2024-03.parquet
[2026-06-08T11:25:04.669+0000] {subprocess.py:93} INFO - 2026-06-08 11:25:04,669  [INFO]  SKIP  yellow_tripdata_2024-03.parquet already exists (60.1 MB)
[2026-06-08T11:25:04.671+0000] {subprocess.py:93} INFO - 
[2026-06-08T11:25:04.672+0000] {subprocess.py:93} INFO -   Downloading: taxi_zone_lookup.csv
[2026-06-08T11:25:04.673+0000] {subprocess.py:93} INFO - 2026-06-08 11:25:04,671  [INFO]  SKIP  taxi_zone_lookup.csv already exists (0.0 MB)
[2026-06-08T11:25:04.674+0000] {subprocess.py:93} INFO - 
[2026-06-08T11:25:04.677+0000] {subprocess.py:93} INFO - ============================================================
[2026-06-08T11:25:04.678+0000] {subprocess.py:93} INFO - Download Summary
[2026-06-08T11:25:04.679+0000] {subprocess.py:93} INFO - ============================================================
[2026-06-08T11:25:04.680+0000] {subprocess.py:93} INFO -   [OK]   yellow_tripdata_2024-01.parquet
[2026-06-08T11:25:04.680+0000] {subprocess.py:93} INFO -   [OK]   yellow_tripdata_2024-02.parquet
[2026-06-08T11:25:04.682+0000] {subprocess.py:93} INFO -   [OK]   yellow_tripdata_2024-03.parquet
[2026-06-08T11:25:04.684+0000] {subprocess.py:93} INFO -   [OK]   taxi_zone_lookup.csv
[2026-06-08T11:25:04.685+0000] {subprocess.py:93} INFO - 
[2026-06-08T11:25:04.686+0000] {subprocess.py:93} INFO -   Total : 4  |  OK: 4  |  Failed: 0
[2026-06-08T11:25:04.688+0000] {subprocess.py:93} INFO - 2026-06-08 11:25:04,671  [INFO]  Ingestion completed successfully. All files downloaded.
[2026-06-08T11:25:04.689+0000] {subprocess.py:97} INFO - Command exited with return code 0
[2026-06-08T11:25:04.708+0000] {taskinstance.py:1138} INFO - Marking task as SUCCESS. dag_id=nyc_taxi_lakehouse_pipeline, task_id=download_raw_data, execution_date=20260607T000000, start_date=20260608T112504, end_date=20260608T112504
[2026-06-08T11:25:04.742+0000] {local_task_job_runner.py:234} INFO - Task exited with return code 0
[2026-06-08T11:25:04.761+0000] {taskinstance.py:3280} INFO - 1 downstream tasks scheduled from follow-on schedule check
