[2026-06-08T12:02:07.052+0000] {taskinstance.py:1956} INFO - Dependencies all met for dep_context=non-requeueable deps ti=<TaskInstance: nyc_taxi_lakehouse_pipeline.bronze_ingestion manual__2026-06-08T11:25:05+00:00 [queued]>
[2026-06-08T12:02:07.058+0000] {taskinstance.py:1956} INFO - Dependencies all met for dep_context=requeueable deps ti=<TaskInstance: nyc_taxi_lakehouse_pipeline.bronze_ingestion manual__2026-06-08T11:25:05+00:00 [queued]>
[2026-06-08T12:02:07.058+0000] {taskinstance.py:2170} INFO - Starting attempt 2 of 2
[2026-06-08T12:02:07.072+0000] {taskinstance.py:2191} INFO - Executing <Task(BashOperator): bronze_ingestion> on 2026-06-08 11:25:05+00:00
[2026-06-08T12:02:07.083+0000] {standard_task_runner.py:60} INFO - Started process 972 to run task
[2026-06-08T12:02:07.086+0000] {standard_task_runner.py:87} INFO - Running: ['***', 'tasks', 'run', 'nyc_taxi_lakehouse_pipeline', 'bronze_ingestion', 'manual__2026-06-08T11:25:05+00:00', '--job-id', '8', '--raw', '--subdir', 'DAGS_FOLDER/taxi_pipeline.py', '--cfg-path', '/tmp/tmp358n1x34']
[2026-06-08T12:02:07.091+0000] {standard_task_runner.py:88} INFO - Job 8: Subtask bronze_ingestion
[2026-06-08T12:02:07.162+0000] {task_command.py:423} INFO - Running <TaskInstance: nyc_taxi_lakehouse_pipeline.bronze_ingestion manual__2026-06-08T11:25:05+00:00 [running]> on host 6b7f566bec19
[2026-06-08T12:02:07.211+0000] {taskinstance.py:2480} INFO - Exporting env vars: AIRFLOW_CTX_DAG_OWNER='data_engineer' AIRFLOW_CTX_DAG_ID='nyc_taxi_lakehouse_pipeline' AIRFLOW_CTX_TASK_ID='bronze_ingestion' AIRFLOW_CTX_EXECUTION_DATE='2026-06-08T11:25:05+00:00' AIRFLOW_CTX_TRY_NUMBER='2' AIRFLOW_CTX_DAG_RUN_ID='manual__2026-06-08T11:25:05+00:00'
[2026-06-08T12:02:07.212+0000] {subprocess.py:63} INFO - Tmp dir root location: /tmp
[2026-06-08T12:02:07.213+0000] {subprocess.py:75} INFO - Running command: ['/usr/bin/bash', '-c', 'cd /opt/*** && python src/pipeline/bronze_ingestion.py']
[2026-06-08T12:02:07.218+0000] {subprocess.py:86} INFO - Output:
[2026-06-08T12:02:07.287+0000] {subprocess.py:93} INFO - 2026-06-08 12:02:07,287  [INFO]  ============================================================
[2026-06-08T12:02:07.287+0000] {subprocess.py:93} INFO - 2026-06-08 12:02:07,287  [INFO]  NYC Taxi Lakehouse — Bronze Ingestion
[2026-06-08T12:02:07.288+0000] {subprocess.py:93} INFO - 2026-06-08 12:02:07,287  [INFO]  Batch ID  : batch_20260608_120207_07a030
[2026-06-08T12:02:07.288+0000] {subprocess.py:93} INFO - 2026-06-08 12:02:07,287  [INFO]  Write mode: overwrite
[2026-06-08T12:02:07.289+0000] {subprocess.py:93} INFO - 2026-06-08 12:02:07,288  [INFO]  ============================================================
[2026-06-08T12:02:07.581+0000] {subprocess.py:93} INFO - 2026-06-08 12:02:07,581  [INFO]  Initialising SparkSession [NYC_Taxi_Bronze_Ingestion]  |  MinIO=http://127.0.0.1:9000
[2026-06-08T12:02:07.582+0000] {subprocess.py:93} INFO - 2026-06-08 12:02:07,581  [INFO]  Pre-baked JARs not found — using Ivy resolution (first run may be slow)
[2026-06-08T12:02:08.657+0000] {subprocess.py:93} INFO - :: loading settings :: url = jar:file:/home/***/.local/lib/python3.10/site-packages/pyspark/jars/ivy-2.5.1.jar!/org/apache/ivy/core/settings/ivysettings.xml
[2026-06-08T12:02:08.701+0000] {subprocess.py:93} INFO - Ivy Default Cache set to: /home/***/.ivy2/cache
[2026-06-08T12:02:08.703+0000] {subprocess.py:93} INFO - The jars for the packages stored in: /home/***/.ivy2/jars
[2026-06-08T12:02:08.705+0000] {subprocess.py:93} INFO - io.delta#delta-spark_2.12 added as a dependency
[2026-06-08T12:02:08.707+0000] {subprocess.py:93} INFO - org.apache.hadoop#hadoop-aws added as a dependency
[2026-06-08T12:02:08.707+0000] {subprocess.py:93} INFO - com.amazonaws#aws-java-sdk-bundle added as a dependency
[2026-06-08T12:02:08.707+0000] {subprocess.py:93} INFO - org.postgresql#postgresql added as a dependency
[2026-06-08T12:02:08.708+0000] {subprocess.py:93} INFO - :: resolving dependencies :: org.apache.spark#spark-submit-parent-1b62f7c4-d448-4fef-8fa5-2e835c7e5ce6;1.0
[2026-06-08T12:02:08.708+0000] {subprocess.py:93} INFO - 	confs: [default]
[2026-06-08T12:02:08.780+0000] {subprocess.py:93} INFO - 	found io.delta#delta-spark_2.12;3.3.0 in central
[2026-06-08T12:02:08.802+0000] {subprocess.py:93} INFO - 	found io.delta#delta-storage;3.3.0 in central
[2026-06-08T12:02:08.822+0000] {subprocess.py:93} INFO - 	found org.antlr#antlr4-runtime;4.9.3 in central
[2026-06-08T12:02:08.862+0000] {subprocess.py:93} INFO - 	found org.apache.hadoop#hadoop-aws;3.3.4 in central
[2026-06-08T12:02:08.877+0000] {subprocess.py:93} INFO - 	found com.amazonaws#aws-java-sdk-bundle;1.12.262 in central
[2026-06-08T12:02:08.894+0000] {subprocess.py:93} INFO - 	found org.wildfly.openssl#wildfly-openssl;1.0.7.Final in central
[2026-06-08T12:02:15.059+0000] {subprocess.py:93} INFO - downloading https://repo1.maven.org/maven2/com/amazonaws/aws-java-sdk-bundle/1.12.262/aws-java-sdk-bundle-1.12.262.jar ...
[2026-06-08T12:16:41.734+0000] {subprocess.py:93} INFO - 	[SUCCESSFUL ] com.amazonaws#aws-java-sdk-bundle;1.12.262!aws-java-sdk-bundle.jar (867323ms)
[2026-06-08T12:16:41.766+0000] {subprocess.py:93} INFO - :: resolution report :: resolve 5700ms :: artifacts dl 867359ms
[2026-06-08T12:16:41.767+0000] {subprocess.py:93} INFO - 	:: modules in use:
[2026-06-08T12:16:41.767+0000] {subprocess.py:93} INFO - 	com.amazonaws#aws-java-sdk-bundle;1.12.262 from central in [default]
[2026-06-08T12:16:41.768+0000] {subprocess.py:93} INFO - 	io.delta#delta-spark_2.12;3.3.0 from central in [default]
[2026-06-08T12:16:41.768+0000] {subprocess.py:93} INFO - 	io.delta#delta-storage;3.3.0 from central in [default]
[2026-06-08T12:16:41.769+0000] {subprocess.py:93} INFO - 	org.antlr#antlr4-runtime;4.9.3 from central in [default]
[2026-06-08T12:16:41.769+0000] {subprocess.py:93} INFO - 	org.apache.hadoop#hadoop-aws;3.3.4 from central in [default]
[2026-06-08T12:16:41.770+0000] {subprocess.py:93} INFO - 	org.wildfly.openssl#wildfly-openssl;1.0.7.Final from central in [default]
[2026-06-08T12:16:41.771+0000] {subprocess.py:93} INFO - 	---------------------------------------------------------------------
[2026-06-08T12:16:41.773+0000] {subprocess.py:93} INFO - 	|                  |            modules            ||   artifacts   |
[2026-06-08T12:16:41.774+0000] {subprocess.py:93} INFO - 	|       conf       | number| search|dwnlded|evicted|| number|dwnlded|
[2026-06-08T12:16:41.775+0000] {subprocess.py:93} INFO - 	---------------------------------------------------------------------
[2026-06-08T12:16:41.776+0000] {subprocess.py:93} INFO - 	|      default     |   7   |   0   |   0   |   0   ||   6   |   1   |
[2026-06-08T12:16:41.778+0000] {subprocess.py:93} INFO - 	---------------------------------------------------------------------
[2026-06-08T12:16:41.781+0000] {subprocess.py:93} INFO - 
[2026-06-08T12:16:41.781+0000] {subprocess.py:93} INFO - :: problems summary ::
[2026-06-08T12:16:41.781+0000] {subprocess.py:93} INFO - :::: WARNINGS
[2026-06-08T12:16:41.782+0000] {subprocess.py:93} INFO - 	problem while downloading module descriptor: https://repo1.maven.org/maven2/org/postgresql/postgresql/42.6.0/postgresql-42.6.0.pom: impossible to move part file to definitive one: /home/***/.ivy2/cache/org.postgresql/postgresql/ivy-42.6.0.xml.original.part -> /home/***/.ivy2/cache/org.postgresql/postgresql/ivy-42.6.0.xml.original (518ms)
[2026-06-08T12:16:41.782+0000] {subprocess.py:93} INFO - 
[2026-06-08T12:16:41.783+0000] {subprocess.py:93} INFO - 		module not found: org.postgresql#postgresql;42.6.0
[2026-06-08T12:16:41.783+0000] {subprocess.py:93} INFO - 
[2026-06-08T12:16:41.784+0000] {subprocess.py:93} INFO - 	==== local-m2-cache: tried
[2026-06-08T12:16:41.784+0000] {subprocess.py:93} INFO - 
[2026-06-08T12:16:41.784+0000] {subprocess.py:93} INFO - 	  file:/home/***/.m2/repository/org/postgresql/postgresql/42.6.0/postgresql-42.6.0.pom
[2026-06-08T12:16:41.784+0000] {subprocess.py:93} INFO - 
[2026-06-08T12:16:41.785+0000] {subprocess.py:93} INFO - 	  -- artifact org.postgresql#postgresql;42.6.0!postgresql.jar:
[2026-06-08T12:16:41.785+0000] {subprocess.py:93} INFO - 
[2026-06-08T12:16:41.785+0000] {subprocess.py:93} INFO - 	  file:/home/***/.m2/repository/org/postgresql/postgresql/42.6.0/postgresql-42.6.0.jar
[2026-06-08T12:16:41.786+0000] {subprocess.py:93} INFO - 
[2026-06-08T12:16:41.786+0000] {subprocess.py:93} INFO - 	==== local-ivy-cache: tried
[2026-06-08T12:16:41.786+0000] {subprocess.py:93} INFO - 
[2026-06-08T12:16:41.786+0000] {subprocess.py:93} INFO - 	  /home/***/.ivy2/local/org.postgresql/postgresql/42.6.0/ivys/ivy.xml
[2026-06-08T12:16:41.787+0000] {subprocess.py:93} INFO - 
[2026-06-08T12:16:41.787+0000] {subprocess.py:93} INFO - 	  -- artifact org.postgresql#postgresql;42.6.0!postgresql.jar:
[2026-06-08T12:16:41.787+0000] {subprocess.py:93} INFO - 
[2026-06-08T12:16:41.788+0000] {subprocess.py:93} INFO - 	  /home/***/.ivy2/local/org.postgresql/postgresql/42.6.0/jars/postgresql.jar
[2026-06-08T12:16:41.788+0000] {subprocess.py:93} INFO - 
[2026-06-08T12:16:41.789+0000] {subprocess.py:93} INFO - 	==== central: tried
[2026-06-08T12:16:41.789+0000] {subprocess.py:93} INFO - 
[2026-06-08T12:16:41.789+0000] {subprocess.py:93} INFO - 	  https://repo1.maven.org/maven2/org/postgresql/postgresql/42.6.0/postgresql-42.6.0.pom
[2026-06-08T12:16:41.790+0000] {subprocess.py:93} INFO - 
[2026-06-08T12:16:41.790+0000] {subprocess.py:93} INFO - 	==== spark-packages: tried
[2026-06-08T12:16:41.791+0000] {subprocess.py:93} INFO - 
[2026-06-08T12:16:41.791+0000] {subprocess.py:93} INFO - 	  https://repos.spark-packages.org/org/postgresql/postgresql/42.6.0/postgresql-42.6.0.pom
[2026-06-08T12:16:41.792+0000] {subprocess.py:93} INFO - 
[2026-06-08T12:16:41.792+0000] {subprocess.py:93} INFO - 	  -- artifact org.postgresql#postgresql;42.6.0!postgresql.jar:
[2026-06-08T12:16:41.793+0000] {subprocess.py:93} INFO - 
[2026-06-08T12:16:41.793+0000] {subprocess.py:93} INFO - 	  https://repos.spark-packages.org/org/postgresql/postgresql/42.6.0/postgresql-42.6.0.jar
[2026-06-08T12:16:41.793+0000] {subprocess.py:93} INFO - 
[2026-06-08T12:16:41.794+0000] {subprocess.py:93} INFO - 		::::::::::::::::::::::::::::::::::::::::::::::
[2026-06-08T12:16:41.794+0000] {subprocess.py:93} INFO - 
[2026-06-08T12:16:41.794+0000] {subprocess.py:93} INFO - 		::          UNRESOLVED DEPENDENCIES         ::
[2026-06-08T12:16:41.795+0000] {subprocess.py:93} INFO - 
[2026-06-08T12:16:41.795+0000] {subprocess.py:93} INFO - 		::::::::::::::::::::::::::::::::::::::::::::::
[2026-06-08T12:16:41.795+0000] {subprocess.py:93} INFO - 
[2026-06-08T12:16:41.796+0000] {subprocess.py:93} INFO - 		:: org.postgresql#postgresql;42.6.0: not found
[2026-06-08T12:16:41.796+0000] {subprocess.py:93} INFO - 
[2026-06-08T12:16:41.797+0000] {subprocess.py:93} INFO - 		::::::::::::::::::::::::::::::::::::::::::::::
[2026-06-08T12:16:41.797+0000] {subprocess.py:93} INFO - 
[2026-06-08T12:16:41.797+0000] {subprocess.py:93} INFO - 
[2026-06-08T12:16:41.797+0000] {subprocess.py:93} INFO - 
[2026-06-08T12:16:41.798+0000] {subprocess.py:93} INFO - :: USE VERBOSE OR DEBUG MESSAGE LEVEL FOR MORE DETAILS
[2026-06-08T12:16:41.798+0000] {subprocess.py:93} INFO - Exception in thread "main" java.lang.RuntimeException: [unresolved dependency: org.postgresql#postgresql;42.6.0: not found]
[2026-06-08T12:16:41.798+0000] {subprocess.py:93} INFO - 	at org.apache.spark.deploy.SparkSubmitUtils$.resolveMavenCoordinates(SparkSubmit.scala:1613)
[2026-06-08T12:16:41.798+0000] {subprocess.py:93} INFO - 	at org.apache.spark.util.DependencyUtils$.resolveMavenDependencies(DependencyUtils.scala:185)
[2026-06-08T12:16:41.799+0000] {subprocess.py:93} INFO - 	at org.apache.spark.deploy.SparkSubmit.prepareSubmitEnvironment(SparkSubmit.scala:339)
[2026-06-08T12:16:41.799+0000] {subprocess.py:93} INFO - 	at org.apache.spark.deploy.SparkSubmit.org$apache$spark$deploy$SparkSubmit$$runMain(SparkSubmit.scala:969)
[2026-06-08T12:16:41.799+0000] {subprocess.py:93} INFO - 	at org.apache.spark.deploy.SparkSubmit.doRunMain$1(SparkSubmit.scala:199)
[2026-06-08T12:16:41.800+0000] {subprocess.py:93} INFO - 	at org.apache.spark.deploy.SparkSubmit.submit(SparkSubmit.scala:222)
[2026-06-08T12:16:41.800+0000] {subprocess.py:93} INFO - 	at org.apache.spark.deploy.SparkSubmit.doSubmit(SparkSubmit.scala:91)
[2026-06-08T12:16:41.800+0000] {subprocess.py:93} INFO - 	at org.apache.spark.deploy.SparkSubmit$$anon$2.doSubmit(SparkSubmit.scala:1125)
[2026-06-08T12:16:41.800+0000] {subprocess.py:93} INFO - 	at org.apache.spark.deploy.SparkSubmit$.main(SparkSubmit.scala:1134)
[2026-06-08T12:16:41.800+0000] {subprocess.py:93} INFO - 	at org.apache.spark.deploy.SparkSubmit.main(SparkSubmit.scala)
[2026-06-08T12:16:41.828+0000] {subprocess.py:93} INFO - Traceback (most recent call last):
[2026-06-08T12:16:41.828+0000] {subprocess.py:93} INFO -   File "/opt/***/src/pipeline/bronze_ingestion.py", line 221, in <module>
[2026-06-08T12:16:41.832+0000] {subprocess.py:93} INFO -     run_bronze_ingestion()
[2026-06-08T12:16:41.833+0000] {subprocess.py:93} INFO -   File "/opt/***/src/pipeline/bronze_ingestion.py", line 188, in run_bronze_ingestion
[2026-06-08T12:16:41.836+0000] {subprocess.py:93} INFO -     spark = create_spark_session()
[2026-06-08T12:16:41.836+0000] {subprocess.py:93} INFO -   File "/opt/***/src/pipeline/bronze_ingestion.py", line 67, in create_spark_session
[2026-06-08T12:16:41.840+0000] {subprocess.py:93} INFO -     return _create("NYC_Taxi_Bronze_Ingestion")
[2026-06-08T12:16:41.840+0000] {subprocess.py:93} INFO -   File "/opt/***/src/utils/spark_utils.py", line 95, in create_spark_session
[2026-06-08T12:16:41.845+0000] {subprocess.py:93} INFO -     ).getOrCreate()
[2026-06-08T12:16:41.845+0000] {subprocess.py:93} INFO -   File "/home/***/.local/lib/python3.10/site-packages/pyspark/sql/session.py", line 497, in getOrCreate
[2026-06-08T12:16:41.846+0000] {subprocess.py:93} INFO -     sc = SparkContext.getOrCreate(sparkConf)
[2026-06-08T12:16:41.847+0000] {subprocess.py:93} INFO -   File "/home/***/.local/lib/python3.10/site-packages/pyspark/context.py", line 515, in getOrCreate
[2026-06-08T12:16:41.848+0000] {subprocess.py:93} INFO -     SparkContext(conf=conf or SparkConf())
[2026-06-08T12:16:41.848+0000] {subprocess.py:93} INFO -   File "/home/***/.local/lib/python3.10/site-packages/pyspark/context.py", line 201, in __init__
[2026-06-08T12:16:41.849+0000] {subprocess.py:93} INFO -     SparkContext._ensure_initialized(self, gateway=gateway, conf=conf)
[2026-06-08T12:16:41.849+0000] {subprocess.py:93} INFO -   File "/home/***/.local/lib/python3.10/site-packages/pyspark/context.py", line 436, in _ensure_initialized
[2026-06-08T12:16:41.849+0000] {subprocess.py:93} INFO -     SparkContext._gateway = gateway or launch_gateway(conf)
[2026-06-08T12:16:41.850+0000] {subprocess.py:93} INFO -   File "/home/***/.local/lib/python3.10/site-packages/pyspark/java_gateway.py", line 107, in launch_gateway
[2026-06-08T12:16:41.850+0000] {subprocess.py:93} INFO -     raise PySparkRuntimeError(
[2026-06-08T12:16:41.851+0000] {subprocess.py:93} INFO - pyspark.errors.exceptions.base.PySparkRuntimeError: [JAVA_GATEWAY_EXITED] Java gateway process exited before sending its port number.
[2026-06-08T12:16:41.896+0000] {subprocess.py:97} INFO - Command exited with return code 1
[2026-06-08T12:16:41.908+0000] {taskinstance.py:2698} ERROR - Task failed with exception
Traceback (most recent call last):
  File "/home/airflow/.local/lib/python3.10/site-packages/airflow/models/taskinstance.py", line 433, in _execute_task
    result = execute_callable(context=context, **execute_callable_kwargs)
  File "/home/airflow/.local/lib/python3.10/site-packages/airflow/operators/bash.py", line 212, in execute
    raise AirflowException(
airflow.exceptions.AirflowException: Bash command failed. The command returned a non-zero exit code 1.
[2026-06-08T12:16:41.912+0000] {taskinstance.py:1138} INFO - Marking task as FAILED. dag_id=nyc_taxi_lakehouse_pipeline, task_id=bronze_ingestion, execution_date=20260608T112505, start_date=20260608T120207, end_date=20260608T121641
[2026-06-08T12:16:41.924+0000] {standard_task_runner.py:107} ERROR - Failed to execute job 8 for task bronze_ingestion (Bash command failed. The command returned a non-zero exit code 1.; 972)
[2026-06-08T12:16:41.958+0000] {local_task_job_runner.py:234} INFO - Task exited with return code 1
[2026-06-08T12:16:41.988+0000] {taskinstance.py:3280} INFO - 0 downstream tasks scheduled from follow-on schedule check
